[INFO ] 2018-11-01 10:38:11 [main] com.liang.funny.FunnyApplication - Starting FunnyApplication on zhouliang02 with PID 9316 (D:\codes\funny\target\classes started by admin in D:\codes\funny)
[INFO ] 2018-11-01 10:38:11 [main] com.liang.funny.FunnyApplication - No active profile set, falling back to default profiles: default
[INFO ] 2018-11-01 10:38:11 [main] o.s.b.w.s.c.AnnotationConfigServletWebServerApplicationContext - Refreshing org.springframework.boot.web.servlet.context.AnnotationConfigServletWebServerApplicationContext@198b6731: startup date [Thu Nov 01 10:38:12 CST 2018]; root of context hierarchy
[INFO ] 2018-11-01 10:38:11 [main] o.s.b.w.e.tomcat.TomcatWebServer - Tomcat initialized with port(s): 8080 (http)
[INFO ] 2018-11-01 10:38:11 [main] o.a.catalina.core.StandardService - Starting service [Tomcat]
[INFO ] 2018-11-01 10:38:11 [main] o.a.catalina.core.StandardEngine - Starting Servlet Engine: Apache Tomcat/8.5.34
[INFO ] 2018-11-01 10:38:11 [localhost-startStop-1] o.a.c.core.AprLifecycleListener - The APR based Apache Tomcat Native library which allows optimal performance in production environments was not found on the java.library.path: [D:\Program Files\Java\jdk1.8.0_181\bin;C:\Windows\Sun\Java\bin;C:\Windows\system32;C:\Windows;D:\Program Files\Python37\Scripts\;D:\Program Files\Python37\;C:\Program Files (x86)\Common Files\Oracle\Java\javapath;C:\Program Files (x86)\Intel\iCLS Client\;C:\Program Files\Intel\iCLS Client\;C:\Windows\system32;C:\Windows;C:\Windows\System32\Wbem;C:\Windows\System32\WindowsPowerShell\v1.0\;C:\Program Files (x86)\Intel\Intel(R) Management Engine Components\DAL;C:\Program Files\Intel\Intel(R) Management Engine Components\DAL;C:\Program Files (x86)\Intel\Intel(R) Management Engine Components\IPT;C:\Program Files\Intel\Intel(R) Management Engine Components\IPT;D:\Program Files\Java\jdk1.8.0_181\bin;D:\Program Files\Java\jdk1.8.0_181\jre\bin;D:\Program Files\mysql-5.7.23-winx64\bin;D:\Program Files\apache-maven-3.5.4\bin;D:\Program Files\Git\cmd;.]
[INFO ] 2018-11-01 10:38:11 [localhost-startStop-1] o.a.c.c.C.[Tomcat].[localhost].[/] - Initializing Spring embedded WebApplicationContext
[INFO ] 2018-11-01 10:38:11 [localhost-startStop-1] o.s.web.context.ContextLoader - Root WebApplicationContext: initialization completed in 1913 ms
[INFO ] 2018-11-01 10:38:11 [localhost-startStop-1] o.s.b.w.s.ServletRegistrationBean - Servlet dispatcherServlet mapped to [/]
[INFO ] 2018-11-01 10:38:11 [localhost-startStop-1] o.s.b.w.s.FilterRegistrationBean - Mapping filter: 'characterEncodingFilter' to: [/*]
[INFO ] 2018-11-01 10:38:11 [localhost-startStop-1] o.s.b.w.s.FilterRegistrationBean - Mapping filter: 'hiddenHttpMethodFilter' to: [/*]
[INFO ] 2018-11-01 10:38:11 [localhost-startStop-1] o.s.b.w.s.FilterRegistrationBean - Mapping filter: 'httpPutFormContentFilter' to: [/*]
[INFO ] 2018-11-01 10:38:11 [localhost-startStop-1] o.s.b.w.s.FilterRegistrationBean - Mapping filter: 'requestContextFilter' to: [/*]
[INFO ] 2018-11-01 10:38:11 [main] o.s.w.s.h.SimpleUrlHandlerMapping - Mapped URL path [/**/favicon.ico] onto handler of type [class org.springframework.web.servlet.resource.ResourceHttpRequestHandler]
[INFO ] 2018-11-01 10:38:11 [main] o.s.w.s.m.m.a.RequestMappingHandlerAdapter - Looking for @ControllerAdvice: org.springframework.boot.web.servlet.context.AnnotationConfigServletWebServerApplicationContext@198b6731: startup date [Thu Nov 01 10:38:12 CST 2018]; root of context hierarchy
[INFO ] 2018-11-01 10:38:11 [main] o.s.w.s.m.m.a.RequestMappingHandlerMapping - Mapped "{[/user/add],methods=[POST]}" onto public int com.liang.funny.controller.UserController.addUser(com.liang.funny.model.User)
[INFO ] 2018-11-01 10:38:11 [main] o.s.w.s.m.m.a.RequestMappingHandlerMapping - Mapped "{[/user/del/{id}],methods=[DELETE]}" onto public boolean com.liang.funny.controller.UserController.delUserBy(int)
[INFO ] 2018-11-01 10:38:11 [main] o.s.w.s.m.m.a.RequestMappingHandlerMapping - Mapped "{[/user/get/{id}],methods=[GET],produces=[application/json]}" onto public com.liang.funny.model.User com.liang.funny.controller.UserController.getUserBy(int)
[INFO ] 2018-11-01 10:38:11 [main] o.s.w.s.m.m.a.RequestMappingHandlerMapping - Mapped "{[/user/update/{id}],methods=[PUT]}" onto public boolean com.liang.funny.controller.UserController.updateUser(java.lang.Integer,java.util.Map<java.lang.String, java.lang.Object>)
[INFO ] 2018-11-01 10:38:11 [main] o.s.w.s.m.m.a.RequestMappingHandlerMapping - Mapped "{[/user/get],methods=[GET],produces=[application/json]}" onto public java.util.List<com.liang.funny.model.User> com.liang.funny.controller.UserController.getUsers()
[INFO ] 2018-11-01 10:38:11 [main] o.s.w.s.m.m.a.RequestMappingHandlerMapping - Mapped "{[/error]}" onto public org.springframework.http.ResponseEntity<java.util.Map<java.lang.String, java.lang.Object>> org.springframework.boot.autoconfigure.web.servlet.error.BasicErrorController.error(javax.servlet.http.HttpServletRequest)
[INFO ] 2018-11-01 10:38:11 [main] o.s.w.s.m.m.a.RequestMappingHandlerMapping - Mapped "{[/error],produces=[text/html]}" onto public org.springframework.web.servlet.ModelAndView org.springframework.boot.autoconfigure.web.servlet.error.BasicErrorController.errorHtml(javax.servlet.http.HttpServletRequest,javax.servlet.http.HttpServletResponse)
[INFO ] 2018-11-01 10:38:11 [main] o.s.w.s.h.SimpleUrlHandlerMapping - Mapped URL path [/webjars/**] onto handler of type [class org.springframework.web.servlet.resource.ResourceHttpRequestHandler]
[INFO ] 2018-11-01 10:38:11 [main] o.s.w.s.h.SimpleUrlHandlerMapping - Mapped URL path [/funny/**] onto handler of type [class org.springframework.web.servlet.resource.ResourceHttpRequestHandler]
[INFO ] 2018-11-01 10:38:11 [main] o.s.j.e.a.AnnotationMBeanExporter - Registering beans for JMX exposure on startup
[INFO ] 2018-11-01 10:38:11 [main] o.s.j.e.a.AnnotationMBeanExporter - Bean with name 'dataSource' has been autodetected for JMX exposure
[INFO ] 2018-11-01 10:38:11 [main] o.s.j.e.a.AnnotationMBeanExporter - Located MBean 'dataSource': registering with JMX server as MBean [com.alibaba.druid.pool:name=dataSource,type=DruidDataSource]
[INFO ] 2018-11-01 10:38:11 [main] o.s.b.w.e.tomcat.TomcatWebServer - Tomcat started on port(s): 8080 (http) with context path ''
[INFO ] 2018-11-01 10:38:11 [main] com.liang.funny.FunnyApplication - Started FunnyApplication in 4.414 seconds (JVM running for 9.81)
[INFO ] 2018-11-01 10:38:11 [http-nio-8080-exec-1] o.a.c.c.C.[Tomcat].[localhost].[/] - Initializing Spring FrameworkServlet 'dispatcherServlet'
[INFO ] 2018-11-01 10:38:11 [http-nio-8080-exec-1] o.s.web.servlet.DispatcherServlet - FrameworkServlet 'dispatcherServlet': initialization started
[INFO ] 2018-11-01 10:38:11 [http-nio-8080-exec-1] o.s.web.servlet.DispatcherServlet - FrameworkServlet 'dispatcherServlet': initialization completed in 20 ms
[INFO ] 2018-11-01 10:38:11 [http-nio-8080-exec-4] c.alibaba.druid.pool.DruidDataSource - {dataSource-1} inited
[INFO ] 2018-11-01 10:51:08 [main] com.liang.funny.FunnyApplication - Starting FunnyApplication on zhouliang02 with PID 8796 (D:\codes\funny\target\classes started by admin in D:\codes\funny)
[INFO ] 2018-11-01 10:51:08 [main] com.liang.funny.FunnyApplication - No active profile set, falling back to default profiles: default
[INFO ] 2018-11-01 10:51:08 [main] o.s.b.w.s.c.AnnotationConfigServletWebServerApplicationContext - Refreshing org.springframework.boot.web.servlet.context.AnnotationConfigServletWebServerApplicationContext@3bf7ca37: startup date [Thu Nov 01 10:51:08 CST 2018]; root of context hierarchy
[INFO ] 2018-11-01 10:51:08 [main] o.s.b.w.e.tomcat.TomcatWebServer - Tomcat initialized with port(s): 8080 (http)
[INFO ] 2018-11-01 10:51:08 [main] o.a.catalina.core.StandardService - Starting service [Tomcat]
[INFO ] 2018-11-01 10:51:08 [main] o.a.catalina.core.StandardEngine - Starting Servlet Engine: Apache Tomcat/8.5.34
[INFO ] 2018-11-01 10:51:08 [localhost-startStop-1] o.a.c.core.AprLifecycleListener - The APR based Apache Tomcat Native library which allows optimal performance in production environments was not found on the java.library.path: [D:\Program Files\Java\jdk1.8.0_181\bin;C:\Windows\Sun\Java\bin;C:\Windows\system32;C:\Windows;D:\Program Files\Python37\Scripts\;D:\Program Files\Python37\;C:\Program Files (x86)\Common Files\Oracle\Java\javapath;C:\Program Files (x86)\Intel\iCLS Client\;C:\Program Files\Intel\iCLS Client\;C:\Windows\system32;C:\Windows;C:\Windows\System32\Wbem;C:\Windows\System32\WindowsPowerShell\v1.0\;C:\Program Files (x86)\Intel\Intel(R) Management Engine Components\DAL;C:\Program Files\Intel\Intel(R) Management Engine Components\DAL;C:\Program Files (x86)\Intel\Intel(R) Management Engine Components\IPT;C:\Program Files\Intel\Intel(R) Management Engine Components\IPT;D:\Program Files\Java\jdk1.8.0_181\bin;D:\Program Files\Java\jdk1.8.0_181\jre\bin;D:\Program Files\mysql-5.7.23-winx64\bin;D:\Program Files\apache-maven-3.5.4\bin;D:\Program Files\Git\cmd;.]
[INFO ] 2018-11-01 10:51:08 [localhost-startStop-1] o.a.c.c.C.[Tomcat].[localhost].[/] - Initializing Spring embedded WebApplicationContext
[INFO ] 2018-11-01 10:51:08 [localhost-startStop-1] o.s.web.context.ContextLoader - Root WebApplicationContext: initialization completed in 1048 ms
[INFO ] 2018-11-01 10:51:08 [localhost-startStop-1] o.s.b.w.s.ServletRegistrationBean - Servlet dispatcherServlet mapped to [/]
[INFO ] 2018-11-01 10:51:08 [localhost-startStop-1] o.s.b.w.s.FilterRegistrationBean - Mapping filter: 'characterEncodingFilter' to: [/*]
[INFO ] 2018-11-01 10:51:08 [localhost-startStop-1] o.s.b.w.s.FilterRegistrationBean - Mapping filter: 'hiddenHttpMethodFilter' to: [/*]
[INFO ] 2018-11-01 10:51:08 [localhost-startStop-1] o.s.b.w.s.FilterRegistrationBean - Mapping filter: 'httpPutFormContentFilter' to: [/*]
[INFO ] 2018-11-01 10:51:08 [localhost-startStop-1] o.s.b.w.s.FilterRegistrationBean - Mapping filter: 'requestContextFilter' to: [/*]
[INFO ] 2018-11-01 10:51:08 [main] o.s.w.s.h.SimpleUrlHandlerMapping - Mapped URL path [/**/favicon.ico] onto handler of type [class org.springframework.web.servlet.resource.ResourceHttpRequestHandler]
[INFO ] 2018-11-01 10:51:08 [main] o.s.w.s.m.m.a.RequestMappingHandlerAdapter - Looking for @ControllerAdvice: org.springframework.boot.web.servlet.context.AnnotationConfigServletWebServerApplicationContext@3bf7ca37: startup date [Thu Nov 01 10:51:08 CST 2018]; root of context hierarchy
[INFO ] 2018-11-01 10:51:08 [main] o.s.w.s.m.m.a.RequestMappingHandlerMapping - Mapped "{[/user/add],methods=[POST]}" onto public int com.liang.funny.controller.UserController.addUser(com.liang.funny.model.User)
[INFO ] 2018-11-01 10:51:08 [main] o.s.w.s.m.m.a.RequestMappingHandlerMapping - Mapped "{[/user/del/{id}],methods=[DELETE]}" onto public boolean com.liang.funny.controller.UserController.delUserBy(int)
[INFO ] 2018-11-01 10:51:08 [main] o.s.w.s.m.m.a.RequestMappingHandlerMapping - Mapped "{[/user/get/{id}],methods=[GET],produces=[application/json]}" onto public com.liang.funny.model.User com.liang.funny.controller.UserController.getUserBy(int)
[INFO ] 2018-11-01 10:51:08 [main] o.s.w.s.m.m.a.RequestMappingHandlerMapping - Mapped "{[/user/update/{id}],methods=[PUT]}" onto public boolean com.liang.funny.controller.UserController.updateUser(java.lang.Integer,java.util.Map<java.lang.String, java.lang.Object>)
[INFO ] 2018-11-01 10:51:08 [main] o.s.w.s.m.m.a.RequestMappingHandlerMapping - Mapped "{[/user/get],methods=[GET],produces=[application/json]}" onto public java.util.List<com.liang.funny.model.User> com.liang.funny.controller.UserController.getUsers()
[INFO ] 2018-11-01 10:51:08 [main] o.s.w.s.m.m.a.RequestMappingHandlerMapping - Mapped "{[/error]}" onto public org.springframework.http.ResponseEntity<java.util.Map<java.lang.String, java.lang.Object>> org.springframework.boot.autoconfigure.web.servlet.error.BasicErrorController.error(javax.servlet.http.HttpServletRequest)
[INFO ] 2018-11-01 10:51:08 [main] o.s.w.s.m.m.a.RequestMappingHandlerMapping - Mapped "{[/error],produces=[text/html]}" onto public org.springframework.web.servlet.ModelAndView org.springframework.boot.autoconfigure.web.servlet.error.BasicErrorController.errorHtml(javax.servlet.http.HttpServletRequest,javax.servlet.http.HttpServletResponse)
[INFO ] 2018-11-01 10:51:08 [main] o.s.w.s.h.SimpleUrlHandlerMapping - Mapped URL path [/webjars/**] onto handler of type [class org.springframework.web.servlet.resource.ResourceHttpRequestHandler]
[INFO ] 2018-11-01 10:51:08 [main] o.s.w.s.h.SimpleUrlHandlerMapping - Mapped URL path [/funny/**] onto handler of type [class org.springframework.web.servlet.resource.ResourceHttpRequestHandler]
[INFO ] 2018-11-01 10:51:08 [main] o.s.j.e.a.AnnotationMBeanExporter - Registering beans for JMX exposure on startup
[INFO ] 2018-11-01 10:51:08 [main] o.s.j.e.a.AnnotationMBeanExporter - Bean with name 'dataSource' has been autodetected for JMX exposure
[INFO ] 2018-11-01 10:51:08 [main] o.s.j.e.a.AnnotationMBeanExporter - Located MBean 'dataSource': registering with JMX server as MBean [com.alibaba.druid.pool:name=dataSource,type=DruidDataSource]
[INFO ] 2018-11-01 10:51:08 [main] o.s.b.w.e.tomcat.TomcatWebServer - Tomcat started on port(s): 8080 (http) with context path ''
[INFO ] 2018-11-01 10:51:08 [main] com.liang.funny.FunnyApplication - Started FunnyApplication in 2.485 seconds (JVM running for 7.335)
[INFO ] 2018-11-01 10:51:08 [http-nio-8080-exec-1] o.a.c.c.C.[Tomcat].[localhost].[/] - Initializing Spring FrameworkServlet 'dispatcherServlet'
[INFO ] 2018-11-01 10:51:08 [http-nio-8080-exec-1] o.s.web.servlet.DispatcherServlet - FrameworkServlet 'dispatcherServlet': initialization started
[INFO ] 2018-11-01 10:51:08 [http-nio-8080-exec-1] o.s.web.servlet.DispatcherServlet - FrameworkServlet 'dispatcherServlet': initialization completed in 10 ms
[INFO ] 2018-11-01 10:51:08 [http-nio-8080-exec-1] c.alibaba.druid.pool.DruidDataSource - {dataSource-1} inited
[INFO ] 2018-11-01 10:59:11 [main] com.liang.funny.FunnyApplication - Starting FunnyApplication on zhouliang02 with PID 10776 (D:\codes\funny\target\classes started by admin in D:\codes\funny)
[INFO ] 2018-11-01 10:59:11 [main] com.liang.funny.FunnyApplication - No active profile set, falling back to default profiles: default
[INFO ] 2018-11-01 10:59:11 [main] o.s.b.w.s.c.AnnotationConfigServletWebServerApplicationContext - Refreshing org.springframework.boot.web.servlet.context.AnnotationConfigServletWebServerApplicationContext@3bf7ca37: startup date [Thu Nov 01 10:59:11 CST 2018]; root of context hierarchy
[INFO ] 2018-11-01 10:59:11 [main] o.s.b.w.e.tomcat.TomcatWebServer - Tomcat initialized with port(s): 8080 (http)
[INFO ] 2018-11-01 10:59:11 [main] o.a.catalina.core.StandardService - Starting service [Tomcat]
[INFO ] 2018-11-01 10:59:11 [main] o.a.catalina.core.StandardEngine - Starting Servlet Engine: Apache Tomcat/8.5.34
[INFO ] 2018-11-01 10:59:11 [localhost-startStop-1] o.a.c.core.AprLifecycleListener - The APR based Apache Tomcat Native library which allows optimal performance in production environments was not found on the java.library.path: [D:\Program Files\Java\jdk1.8.0_181\bin;C:\Windows\Sun\Java\bin;C:\Windows\system32;C:\Windows;D:\Program Files\Python37\Scripts\;D:\Program Files\Python37\;C:\Program Files (x86)\Common Files\Oracle\Java\javapath;C:\Program Files (x86)\Intel\iCLS Client\;C:\Program Files\Intel\iCLS Client\;C:\Windows\system32;C:\Windows;C:\Windows\System32\Wbem;C:\Windows\System32\WindowsPowerShell\v1.0\;C:\Program Files (x86)\Intel\Intel(R) Management Engine Components\DAL;C:\Program Files\Intel\Intel(R) Management Engine Components\DAL;C:\Program Files (x86)\Intel\Intel(R) Management Engine Components\IPT;C:\Program Files\Intel\Intel(R) Management Engine Components\IPT;D:\Program Files\Java\jdk1.8.0_181\bin;D:\Program Files\Java\jdk1.8.0_181\jre\bin;D:\Program Files\mysql-5.7.23-winx64\bin;D:\Program Files\apache-maven-3.5.4\bin;D:\Program Files\Git\cmd;.]
[INFO ] 2018-11-01 10:59:11 [localhost-startStop-1] o.a.c.c.C.[Tomcat].[localhost].[/] - Initializing Spring embedded WebApplicationContext
[INFO ] 2018-11-01 10:59:11 [localhost-startStop-1] o.s.web.context.ContextLoader - Root WebApplicationContext: initialization completed in 904 ms
[INFO ] 2018-11-01 10:59:11 [localhost-startStop-1] o.s.b.w.s.ServletRegistrationBean - Servlet dispatcherServlet mapped to [/]
[INFO ] 2018-11-01 10:59:11 [localhost-startStop-1] o.s.b.w.s.FilterRegistrationBean - Mapping filter: 'characterEncodingFilter' to: [/*]
[INFO ] 2018-11-01 10:59:11 [localhost-startStop-1] o.s.b.w.s.FilterRegistrationBean - Mapping filter: 'hiddenHttpMethodFilter' to: [/*]
[INFO ] 2018-11-01 10:59:11 [localhost-startStop-1] o.s.b.w.s.FilterRegistrationBean - Mapping filter: 'httpPutFormContentFilter' to: [/*]
[INFO ] 2018-11-01 10:59:11 [localhost-startStop-1] o.s.b.w.s.FilterRegistrationBean - Mapping filter: 'requestContextFilter' to: [/*]
[INFO ] 2018-11-01 10:59:11 [main] o.s.w.s.h.SimpleUrlHandlerMapping - Mapped URL path [/**/favicon.ico] onto handler of type [class org.springframework.web.servlet.resource.ResourceHttpRequestHandler]
[INFO ] 2018-11-01 10:59:11 [main] o.s.w.s.m.m.a.RequestMappingHandlerAdapter - Looking for @ControllerAdvice: org.springframework.boot.web.servlet.context.AnnotationConfigServletWebServerApplicationContext@3bf7ca37: startup date [Thu Nov 01 10:59:11 CST 2018]; root of context hierarchy
[INFO ] 2018-11-01 10:59:11 [main] o.s.w.s.m.m.a.RequestMappingHandlerMapping - Mapped "{[/user/add],methods=[POST]}" onto public int com.liang.funny.controller.UserController.addUser(com.liang.funny.model.User)
[INFO ] 2018-11-01 10:59:11 [main] o.s.w.s.m.m.a.RequestMappingHandlerMapping - Mapped "{[/user/update/{id}],methods=[PUT]}" onto public boolean com.liang.funny.controller.UserController.updateUser(java.lang.Integer,java.util.Map<java.lang.String, java.lang.Object>)
[INFO ] 2018-11-01 10:59:11 [main] o.a.catalina.core.StandardService - Stopping service [Tomcat]
[INFO ] 2018-11-01 10:59:11 [main] o.s.b.a.l.ConditionEvaluationReportLoggingListener - 

Error starting ApplicationContext. To display the conditions report re-run your application with 'debug' enabled.
[INFO ] 2018-11-01 10:59:54 [main] com.liang.funny.FunnyApplication - Starting FunnyApplication on zhouliang02 with PID 11244 (D:\codes\funny\target\classes started by admin in D:\codes\funny)
[INFO ] 2018-11-01 10:59:54 [main] com.liang.funny.FunnyApplication - No active profile set, falling back to default profiles: default
[INFO ] 2018-11-01 10:59:54 [main] o.s.b.w.s.c.AnnotationConfigServletWebServerApplicationContext - Refreshing org.springframework.boot.web.servlet.context.AnnotationConfigServletWebServerApplicationContext@3bf7ca37: startup date [Thu Nov 01 10:59:54 CST 2018]; root of context hierarchy
[INFO ] 2018-11-01 10:59:54 [main] o.s.b.w.e.tomcat.TomcatWebServer - Tomcat initialized with port(s): 8080 (http)
[INFO ] 2018-11-01 10:59:54 [main] o.a.catalina.core.StandardService - Starting service [Tomcat]
[INFO ] 2018-11-01 10:59:54 [main] o.a.catalina.core.StandardEngine - Starting Servlet Engine: Apache Tomcat/8.5.34
[INFO ] 2018-11-01 10:59:54 [localhost-startStop-1] o.a.c.core.AprLifecycleListener - The APR based Apache Tomcat Native library which allows optimal performance in production environments was not found on the java.library.path: [D:\Program Files\Java\jdk1.8.0_181\bin;C:\Windows\Sun\Java\bin;C:\Windows\system32;C:\Windows;D:\Program Files\Python37\Scripts\;D:\Program Files\Python37\;C:\Program Files (x86)\Common Files\Oracle\Java\javapath;C:\Program Files (x86)\Intel\iCLS Client\;C:\Program Files\Intel\iCLS Client\;C:\Windows\system32;C:\Windows;C:\Windows\System32\Wbem;C:\Windows\System32\WindowsPowerShell\v1.0\;C:\Program Files (x86)\Intel\Intel(R) Management Engine Components\DAL;C:\Program Files\Intel\Intel(R) Management Engine Components\DAL;C:\Program Files (x86)\Intel\Intel(R) Management Engine Components\IPT;C:\Program Files\Intel\Intel(R) Management Engine Components\IPT;D:\Program Files\Java\jdk1.8.0_181\bin;D:\Program Files\Java\jdk1.8.0_181\jre\bin;D:\Program Files\mysql-5.7.23-winx64\bin;D:\Program Files\apache-maven-3.5.4\bin;D:\Program Files\Git\cmd;.]
[INFO ] 2018-11-01 10:59:54 [localhost-startStop-1] o.a.c.c.C.[Tomcat].[localhost].[/] - Initializing Spring embedded WebApplicationContext
[INFO ] 2018-11-01 10:59:54 [localhost-startStop-1] o.s.web.context.ContextLoader - Root WebApplicationContext: initialization completed in 880 ms
[INFO ] 2018-11-01 10:59:54 [localhost-startStop-1] o.s.b.w.s.ServletRegistrationBean - Servlet dispatcherServlet mapped to [/]
[INFO ] 2018-11-01 10:59:54 [localhost-startStop-1] o.s.b.w.s.FilterRegistrationBean - Mapping filter: 'characterEncodingFilter' to: [/*]
[INFO ] 2018-11-01 10:59:54 [localhost-startStop-1] o.s.b.w.s.FilterRegistrationBean - Mapping filter: 'hiddenHttpMethodFilter' to: [/*]
[INFO ] 2018-11-01 10:59:54 [localhost-startStop-1] o.s.b.w.s.FilterRegistrationBean - Mapping filter: 'httpPutFormContentFilter' to: [/*]
[INFO ] 2018-11-01 10:59:54 [localhost-startStop-1] o.s.b.w.s.FilterRegistrationBean - Mapping filter: 'requestContextFilter' to: [/*]
[INFO ] 2018-11-01 10:59:54 [main] o.s.w.s.h.SimpleUrlHandlerMapping - Mapped URL path [/**/favicon.ico] onto handler of type [class org.springframework.web.servlet.resource.ResourceHttpRequestHandler]
[INFO ] 2018-11-01 10:59:54 [main] o.s.w.s.m.m.a.RequestMappingHandlerAdapter - Looking for @ControllerAdvice: org.springframework.boot.web.servlet.context.AnnotationConfigServletWebServerApplicationContext@3bf7ca37: startup date [Thu Nov 01 10:59:54 CST 2018]; root of context hierarchy
[INFO ] 2018-11-01 10:59:54 [main] o.s.w.s.m.m.a.RequestMappingHandlerMapping - Mapped "{[/user/add],methods=[POST]}" onto public int com.liang.funny.controller.UserController.addUser(com.liang.funny.model.User)
[INFO ] 2018-11-01 10:59:54 [main] o.s.w.s.m.m.a.RequestMappingHandlerMapping - Mapped "{[/user/update/{id}],methods=[PUT]}" onto public boolean com.liang.funny.controller.UserController.updateUser(java.lang.Integer,java.util.Map<java.lang.String, java.lang.Object>)
[INFO ] 2018-11-01 10:59:54 [main] o.s.w.s.m.m.a.RequestMappingHandlerMapping - Mapped "{[/user/get],methods=[GET],produces=[application/json]}" onto public java.util.List<com.liang.funny.model.User> com.liang.funny.controller.UserController.getUsers()
[INFO ] 2018-11-01 10:59:54 [main] o.s.w.s.m.m.a.RequestMappingHandlerMapping - Mapped "{[/user/addjson],methods=[POST]}" onto public com.liang.funny.util.Json.JsonResult com.liang.funny.controller.UserController.addUserjson(com.liang.funny.model.User)
[INFO ] 2018-11-01 10:59:54 [main] o.s.w.s.m.m.a.RequestMappingHandlerMapping - Mapped "{[/user/get/{id}],methods=[GET],produces=[application/json]}" onto public com.liang.funny.model.User com.liang.funny.controller.UserController.getUserBy(int)
[INFO ] 2018-11-01 10:59:54 [main] o.s.w.s.m.m.a.RequestMappingHandlerMapping - Mapped "{[/user/del/{id}],methods=[DELETE]}" onto public boolean com.liang.funny.controller.UserController.delUserBy(int)
[INFO ] 2018-11-01 10:59:54 [main] o.s.w.s.m.m.a.RequestMappingHandlerMapping - Mapped "{[/error]}" onto public org.springframework.http.ResponseEntity<java.util.Map<java.lang.String, java.lang.Object>> org.springframework.boot.autoconfigure.web.servlet.error.BasicErrorController.error(javax.servlet.http.HttpServletRequest)
[INFO ] 2018-11-01 10:59:54 [main] o.s.w.s.m.m.a.RequestMappingHandlerMapping - Mapped "{[/error],produces=[text/html]}" onto public org.springframework.web.servlet.ModelAndView org.springframework.boot.autoconfigure.web.servlet.error.BasicErrorController.errorHtml(javax.servlet.http.HttpServletRequest,javax.servlet.http.HttpServletResponse)
[INFO ] 2018-11-01 10:59:54 [main] o.s.w.s.h.SimpleUrlHandlerMapping - Mapped URL path [/webjars/**] onto handler of type [class org.springframework.web.servlet.resource.ResourceHttpRequestHandler]
[INFO ] 2018-11-01 10:59:54 [main] o.s.w.s.h.SimpleUrlHandlerMapping - Mapped URL path [/funny/**] onto handler of type [class org.springframework.web.servlet.resource.ResourceHttpRequestHandler]
[INFO ] 2018-11-01 10:59:54 [main] o.s.j.e.a.AnnotationMBeanExporter - Registering beans for JMX exposure on startup
[INFO ] 2018-11-01 10:59:54 [main] o.s.j.e.a.AnnotationMBeanExporter - Bean with name 'dataSource' has been autodetected for JMX exposure
[INFO ] 2018-11-01 10:59:54 [main] o.s.j.e.a.AnnotationMBeanExporter - Located MBean 'dataSource': registering with JMX server as MBean [com.alibaba.druid.pool:name=dataSource,type=DruidDataSource]
[INFO ] 2018-11-01 10:59:54 [main] o.s.b.w.e.tomcat.TomcatWebServer - Tomcat started on port(s): 8080 (http) with context path ''
[INFO ] 2018-11-01 10:59:54 [main] com.liang.funny.FunnyApplication - Started FunnyApplication in 2.057 seconds (JVM running for 6.973)
[INFO ] 2018-11-01 10:59:54 [http-nio-8080-exec-1] o.a.c.c.C.[Tomcat].[localhost].[/] - Initializing Spring FrameworkServlet 'dispatcherServlet'
[INFO ] 2018-11-01 10:59:54 [http-nio-8080-exec-1] o.s.web.servlet.DispatcherServlet - FrameworkServlet 'dispatcherServlet': initialization started
[INFO ] 2018-11-01 10:59:54 [http-nio-8080-exec-1] o.s.web.servlet.DispatcherServlet - FrameworkServlet 'dispatcherServlet': initialization completed in 14 ms
[INFO ] 2018-11-01 10:59:54 [http-nio-8080-exec-1] c.alibaba.druid.pool.DruidDataSource - {dataSource-1} inited
