[INFO ] 2018-10-29 14:38:00 [main] com.liang.funny.FunnyApplication - Starting FunnyApplication on zhouliang02 with PID 8768 (D:\codes\funny\target\classes started by admin in D:\codes\funny)
[INFO ] 2018-10-29 14:38:00 [main] com.liang.funny.FunnyApplication - No active profile set, falling back to default profiles: default
[INFO ] 2018-10-29 14:38:00 [main] o.s.b.w.s.c.AnnotationConfigServletWebServerApplicationContext - Refreshing org.springframework.boot.web.servlet.context.AnnotationConfigServletWebServerApplicationContext@6c40365c: startup date [Mon Oct 29 14:38:00 CST 2018]; root of context hierarchy
[INFO ] 2018-10-29 14:38:00 [main] o.s.b.w.e.tomcat.TomcatWebServer - Tomcat initialized with port(s): 8080 (http)
[INFO ] 2018-10-29 14:38:00 [main] o.a.catalina.core.StandardService - Starting service [Tomcat]
[INFO ] 2018-10-29 14:38:00 [main] o.a.catalina.core.StandardEngine - Starting Servlet Engine: Apache Tomcat/8.5.34
[INFO ] 2018-10-29 14:38:00 [localhost-startStop-1] o.a.c.core.AprLifecycleListener - The APR based Apache Tomcat Native library which allows optimal performance in production environments was not found on the java.library.path: [D:\Program Files\Java\jdk1.8.0_181\bin;C:\Windows\Sun\Java\bin;C:\Windows\system32;C:\Windows;D:\Program Files\Python37\Scripts\;D:\Program Files\Python37\;C:\Program Files (x86)\Common Files\Oracle\Java\javapath;C:\Program Files (x86)\Intel\iCLS Client\;C:\Program Files\Intel\iCLS Client\;C:\Windows\system32;C:\Windows;C:\Windows\System32\Wbem;C:\Windows\System32\WindowsPowerShell\v1.0\;C:\Program Files (x86)\Intel\Intel(R) Management Engine Components\DAL;C:\Program Files\Intel\Intel(R) Management Engine Components\DAL;C:\Program Files (x86)\Intel\Intel(R) Management Engine Components\IPT;C:\Program Files\Intel\Intel(R) Management Engine Components\IPT;D:\Program Files\Java\jdk1.8.0_181\bin;D:\Program Files\Java\jdk1.8.0_181\jre\bin;D:\Program Files\mysql-5.7.23-winx64\bin;D:\Program Files\apache-maven-3.5.4\bin;D:\Program Files\Git\cmd;.]
[INFO ] 2018-10-29 14:38:00 [localhost-startStop-1] o.a.c.c.C.[Tomcat].[localhost].[/] - Initializing Spring embedded WebApplicationContext
[INFO ] 2018-10-29 14:38:00 [localhost-startStop-1] o.s.web.context.ContextLoader - Root WebApplicationContext: initialization completed in 3519 ms
[INFO ] 2018-10-29 14:38:00 [localhost-startStop-1] o.s.b.w.s.ServletRegistrationBean - Servlet dispatcherServlet mapped to [/]
[INFO ] 2018-10-29 14:38:00 [localhost-startStop-1] o.s.b.w.s.FilterRegistrationBean - Mapping filter: 'characterEncodingFilter' to: [/*]
[INFO ] 2018-10-29 14:38:00 [localhost-startStop-1] o.s.b.w.s.FilterRegistrationBean - Mapping filter: 'hiddenHttpMethodFilter' to: [/*]
[INFO ] 2018-10-29 14:38:00 [localhost-startStop-1] o.s.b.w.s.FilterRegistrationBean - Mapping filter: 'httpPutFormContentFilter' to: [/*]
[INFO ] 2018-10-29 14:38:00 [localhost-startStop-1] o.s.b.w.s.FilterRegistrationBean - Mapping filter: 'requestContextFilter' to: [/*]
[INFO ] 2018-10-29 14:38:00 [main] o.a.catalina.core.StandardService - Stopping service [Tomcat]
[INFO ] 2018-10-29 15:02:06 [main] com.liang.funny.FunnyApplication - Starting FunnyApplication on zhouliang02 with PID 9012 (D:\codes\funny\target\classes started by admin in D:\codes\funny)
[INFO ] 2018-10-29 15:02:06 [main] com.liang.funny.FunnyApplication - No active profile set, falling back to default profiles: default
[INFO ] 2018-10-29 15:02:06 [main] o.s.b.w.s.c.AnnotationConfigServletWebServerApplicationContext - Refreshing org.springframework.boot.web.servlet.context.AnnotationConfigServletWebServerApplicationContext@70325e14: startup date [Mon Oct 29 15:02:06 CST 2018]; root of context hierarchy
[INFO ] 2018-10-29 15:02:06 [main] o.s.b.w.e.tomcat.TomcatWebServer - Tomcat initialized with port(s): 8080 (http)
[INFO ] 2018-10-29 15:02:06 [main] o.a.catalina.core.StandardService - Starting service [Tomcat]
[INFO ] 2018-10-29 15:02:06 [main] o.a.catalina.core.StandardEngine - Starting Servlet Engine: Apache Tomcat/8.5.34
[INFO ] 2018-10-29 15:02:06 [localhost-startStop-1] o.a.c.core.AprLifecycleListener - The APR based Apache Tomcat Native library which allows optimal performance in production environments was not found on the java.library.path: [D:\Program Files\Java\jdk1.8.0_181\bin;C:\Windows\Sun\Java\bin;C:\Windows\system32;C:\Windows;D:\Program Files\Python37\Scripts\;D:\Program Files\Python37\;C:\Program Files (x86)\Common Files\Oracle\Java\javapath;C:\Program Files (x86)\Intel\iCLS Client\;C:\Program Files\Intel\iCLS Client\;C:\Windows\system32;C:\Windows;C:\Windows\System32\Wbem;C:\Windows\System32\WindowsPowerShell\v1.0\;C:\Program Files (x86)\Intel\Intel(R) Management Engine Components\DAL;C:\Program Files\Intel\Intel(R) Management Engine Components\DAL;C:\Program Files (x86)\Intel\Intel(R) Management Engine Components\IPT;C:\Program Files\Intel\Intel(R) Management Engine Components\IPT;D:\Program Files\Java\jdk1.8.0_181\bin;D:\Program Files\Java\jdk1.8.0_181\jre\bin;D:\Program Files\mysql-5.7.23-winx64\bin;D:\Program Files\apache-maven-3.5.4\bin;D:\Program Files\Git\cmd;.]
[INFO ] 2018-10-29 15:02:06 [localhost-startStop-1] o.a.c.c.C.[Tomcat].[localhost].[/] - Initializing Spring embedded WebApplicationContext
[INFO ] 2018-10-29 15:02:06 [localhost-startStop-1] o.s.web.context.ContextLoader - Root WebApplicationContext: initialization completed in 3258 ms
[INFO ] 2018-10-29 15:02:06 [localhost-startStop-1] o.s.b.w.s.ServletRegistrationBean - Servlet dispatcherServlet mapped to [/]
[INFO ] 2018-10-29 15:02:06 [localhost-startStop-1] o.s.b.w.s.FilterRegistrationBean - Mapping filter: 'characterEncodingFilter' to: [/*]
[INFO ] 2018-10-29 15:02:06 [localhost-startStop-1] o.s.b.w.s.FilterRegistrationBean - Mapping filter: 'hiddenHttpMethodFilter' to: [/*]
[INFO ] 2018-10-29 15:02:06 [localhost-startStop-1] o.s.b.w.s.FilterRegistrationBean - Mapping filter: 'httpPutFormContentFilter' to: [/*]
[INFO ] 2018-10-29 15:02:06 [localhost-startStop-1] o.s.b.w.s.FilterRegistrationBean - Mapping filter: 'requestContextFilter' to: [/*]
[INFO ] 2018-10-29 15:02:06 [main] o.s.w.s.h.SimpleUrlHandlerMapping - Mapped URL path [/**/favicon.ico] onto handler of type [class org.springframework.web.servlet.resource.ResourceHttpRequestHandler]
[INFO ] 2018-10-29 15:02:06 [main] o.s.w.s.m.m.a.RequestMappingHandlerAdapter - Looking for @ControllerAdvice: org.springframework.boot.web.servlet.context.AnnotationConfigServletWebServerApplicationContext@70325e14: startup date [Mon Oct 29 15:02:06 CST 2018]; root of context hierarchy
[INFO ] 2018-10-29 15:02:06 [main] o.s.w.s.m.m.a.RequestMappingHandlerMapping - Mapped "{[/users/users/{userId}],methods=[GET],produces=[application/json]}" onto public com.liang.funny.model.User com.liang.funny.controller.UserController.getUserBy(int)
[INFO ] 2018-10-29 15:02:06 [main] o.s.w.s.m.m.a.RequestMappingHandlerMapping - Mapped "{[/error]}" onto public org.springframework.http.ResponseEntity<java.util.Map<java.lang.String, java.lang.Object>> org.springframework.boot.autoconfigure.web.servlet.error.BasicErrorController.error(javax.servlet.http.HttpServletRequest)
[INFO ] 2018-10-29 15:02:06 [main] o.s.w.s.m.m.a.RequestMappingHandlerMapping - Mapped "{[/error],produces=[text/html]}" onto public org.springframework.web.servlet.ModelAndView org.springframework.boot.autoconfigure.web.servlet.error.BasicErrorController.errorHtml(javax.servlet.http.HttpServletRequest,javax.servlet.http.HttpServletResponse)
[INFO ] 2018-10-29 15:02:06 [main] o.s.w.s.h.SimpleUrlHandlerMapping - Mapped URL path [/webjars/**] onto handler of type [class org.springframework.web.servlet.resource.ResourceHttpRequestHandler]
[INFO ] 2018-10-29 15:02:06 [main] o.s.w.s.h.SimpleUrlHandlerMapping - Mapped URL path [/funny/**] onto handler of type [class org.springframework.web.servlet.resource.ResourceHttpRequestHandler]
[INFO ] 2018-10-29 15:02:06 [main] o.s.j.e.a.AnnotationMBeanExporter - Registering beans for JMX exposure on startup
[INFO ] 2018-10-29 15:02:06 [main] o.s.j.e.a.AnnotationMBeanExporter - Bean with name 'dataSource' has been autodetected for JMX exposure
[INFO ] 2018-10-29 15:02:06 [main] o.s.j.e.a.AnnotationMBeanExporter - Located MBean 'dataSource': registering with JMX server as MBean [com.alibaba.druid.pool:name=dataSource,type=DruidDataSource]
[INFO ] 2018-10-29 15:02:06 [main] o.s.b.w.e.tomcat.TomcatWebServer - Tomcat started on port(s): 8080 (http) with context path ''
[INFO ] 2018-10-29 15:02:06 [main] com.liang.funny.FunnyApplication - Started FunnyApplication in 5.11 seconds (JVM running for 10.091)
[INFO ] 2018-10-29 15:02:06 [http-nio-8080-exec-1] o.a.c.c.C.[Tomcat].[localhost].[/] - Initializing Spring FrameworkServlet 'dispatcherServlet'
[INFO ] 2018-10-29 15:02:06 [http-nio-8080-exec-1] o.s.web.servlet.DispatcherServlet - FrameworkServlet 'dispatcherServlet': initialization started
[INFO ] 2018-10-29 15:02:06 [http-nio-8080-exec-1] o.s.web.servlet.DispatcherServlet - FrameworkServlet 'dispatcherServlet': initialization completed in 29 ms
[INFO ] 2018-10-29 15:22:30 [main] com.liang.funny.FunnyApplication - Starting FunnyApplication on zhouliang02 with PID 11480 (D:\codes\funny\target\classes started by admin in D:\codes\funny)
[INFO ] 2018-10-29 15:22:30 [main] com.liang.funny.FunnyApplication - No active profile set, falling back to default profiles: default
[INFO ] 2018-10-29 15:22:30 [main] o.s.b.w.s.c.AnnotationConfigServletWebServerApplicationContext - Refreshing org.springframework.boot.web.servlet.context.AnnotationConfigServletWebServerApplicationContext@fa4c865: startup date [Mon Oct 29 15:22:30 CST 2018]; root of context hierarchy
[INFO ] 2018-10-29 15:22:30 [main] o.s.b.w.e.tomcat.TomcatWebServer - Tomcat initialized with port(s): 8080 (http)
[INFO ] 2018-10-29 15:22:30 [main] o.a.catalina.core.StandardService - Starting service [Tomcat]
[INFO ] 2018-10-29 15:22:30 [main] o.a.catalina.core.StandardEngine - Starting Servlet Engine: Apache Tomcat/8.5.34
[INFO ] 2018-10-29 15:22:30 [localhost-startStop-1] o.a.c.core.AprLifecycleListener - The APR based Apache Tomcat Native library which allows optimal performance in production environments was not found on the java.library.path: [D:\Program Files\Java\jdk1.8.0_181\bin;C:\Windows\Sun\Java\bin;C:\Windows\system32;C:\Windows;D:\Program Files\Python37\Scripts\;D:\Program Files\Python37\;C:\Program Files (x86)\Common Files\Oracle\Java\javapath;C:\Program Files (x86)\Intel\iCLS Client\;C:\Program Files\Intel\iCLS Client\;C:\Windows\system32;C:\Windows;C:\Windows\System32\Wbem;C:\Windows\System32\WindowsPowerShell\v1.0\;C:\Program Files (x86)\Intel\Intel(R) Management Engine Components\DAL;C:\Program Files\Intel\Intel(R) Management Engine Components\DAL;C:\Program Files (x86)\Intel\Intel(R) Management Engine Components\IPT;C:\Program Files\Intel\Intel(R) Management Engine Components\IPT;D:\Program Files\Java\jdk1.8.0_181\bin;D:\Program Files\Java\jdk1.8.0_181\jre\bin;D:\Program Files\mysql-5.7.23-winx64\bin;D:\Program Files\apache-maven-3.5.4\bin;D:\Program Files\Git\cmd;.]
[INFO ] 2018-10-29 15:22:30 [localhost-startStop-1] o.a.c.c.C.[Tomcat].[localhost].[/] - Initializing Spring embedded WebApplicationContext
[INFO ] 2018-10-29 15:22:30 [localhost-startStop-1] o.s.web.context.ContextLoader - Root WebApplicationContext: initialization completed in 892 ms
[INFO ] 2018-10-29 15:22:30 [localhost-startStop-1] o.s.b.w.s.ServletRegistrationBean - Servlet dispatcherServlet mapped to [/]
[INFO ] 2018-10-29 15:22:30 [localhost-startStop-1] o.s.b.w.s.FilterRegistrationBean - Mapping filter: 'characterEncodingFilter' to: [/*]
[INFO ] 2018-10-29 15:22:30 [localhost-startStop-1] o.s.b.w.s.FilterRegistrationBean - Mapping filter: 'hiddenHttpMethodFilter' to: [/*]
[INFO ] 2018-10-29 15:22:30 [localhost-startStop-1] o.s.b.w.s.FilterRegistrationBean - Mapping filter: 'httpPutFormContentFilter' to: [/*]
[INFO ] 2018-10-29 15:22:30 [localhost-startStop-1] o.s.b.w.s.FilterRegistrationBean - Mapping filter: 'requestContextFilter' to: [/*]
[INFO ] 2018-10-29 15:22:30 [main] o.s.w.s.h.SimpleUrlHandlerMapping - Mapped URL path [/**/favicon.ico] onto handler of type [class org.springframework.web.servlet.resource.ResourceHttpRequestHandler]
[INFO ] 2018-10-29 15:22:30 [main] o.s.w.s.m.m.a.RequestMappingHandlerAdapter - Looking for @ControllerAdvice: org.springframework.boot.web.servlet.context.AnnotationConfigServletWebServerApplicationContext@fa4c865: startup date [Mon Oct 29 15:22:30 CST 2018]; root of context hierarchy
[INFO ] 2018-10-29 15:22:30 [main] o.s.w.s.m.m.a.RequestMappingHandlerMapping - Mapped "{[/users/users/{userId}],methods=[GET],produces=[application/json]}" onto public com.liang.funny.model.User com.liang.funny.controller.UserController.getUserBy(int)
[INFO ] 2018-10-29 15:22:30 [main] o.s.w.s.m.m.a.RequestMappingHandlerMapping - Mapped "{[/error]}" onto public org.springframework.http.ResponseEntity<java.util.Map<java.lang.String, java.lang.Object>> org.springframework.boot.autoconfigure.web.servlet.error.BasicErrorController.error(javax.servlet.http.HttpServletRequest)
[INFO ] 2018-10-29 15:22:30 [main] o.s.w.s.m.m.a.RequestMappingHandlerMapping - Mapped "{[/error],produces=[text/html]}" onto public org.springframework.web.servlet.ModelAndView org.springframework.boot.autoconfigure.web.servlet.error.BasicErrorController.errorHtml(javax.servlet.http.HttpServletRequest,javax.servlet.http.HttpServletResponse)
[INFO ] 2018-10-29 15:22:30 [main] o.s.w.s.h.SimpleUrlHandlerMapping - Mapped URL path [/webjars/**] onto handler of type [class org.springframework.web.servlet.resource.ResourceHttpRequestHandler]
[INFO ] 2018-10-29 15:22:30 [main] o.s.w.s.h.SimpleUrlHandlerMapping - Mapped URL path [/funny/**] onto handler of type [class org.springframework.web.servlet.resource.ResourceHttpRequestHandler]
[INFO ] 2018-10-29 15:22:30 [main] o.s.j.e.a.AnnotationMBeanExporter - Registering beans for JMX exposure on startup
[INFO ] 2018-10-29 15:22:30 [main] o.s.j.e.a.AnnotationMBeanExporter - Bean with name 'dataSource' has been autodetected for JMX exposure
[INFO ] 2018-10-29 15:22:30 [main] o.s.j.e.a.AnnotationMBeanExporter - Located MBean 'dataSource': registering with JMX server as MBean [com.alibaba.druid.pool:name=dataSource,type=DruidDataSource]
[INFO ] 2018-10-29 15:22:30 [main] o.s.b.w.e.tomcat.TomcatWebServer - Tomcat started on port(s): 8080 (http) with context path ''
[INFO ] 2018-10-29 15:22:30 [main] com.liang.funny.FunnyApplication - Started FunnyApplication in 2.245 seconds (JVM running for 6.913)
[INFO ] 2018-10-29 16:54:38 [main] com.liang.funny.FunnyApplication - Starting FunnyApplication on zhouliang02 with PID 6996 (D:\codes\funny\target\classes started by admin in D:\codes\funny)
[INFO ] 2018-10-29 16:54:38 [main] com.liang.funny.FunnyApplication - No active profile set, falling back to default profiles: default
[INFO ] 2018-10-29 16:54:38 [main] o.s.b.w.s.c.AnnotationConfigServletWebServerApplicationContext - Refreshing org.springframework.boot.web.servlet.context.AnnotationConfigServletWebServerApplicationContext@fa4c865: startup date [Mon Oct 29 16:54:38 CST 2018]; root of context hierarchy
[INFO ] 2018-10-29 16:54:38 [main] o.s.b.w.e.tomcat.TomcatWebServer - Tomcat initialized with port(s): 8080 (http)
[INFO ] 2018-10-29 16:54:38 [main] o.a.catalina.core.StandardService - Starting service [Tomcat]
[INFO ] 2018-10-29 16:54:38 [main] o.a.catalina.core.StandardEngine - Starting Servlet Engine: Apache Tomcat/8.5.34
[INFO ] 2018-10-29 16:54:38 [localhost-startStop-1] o.a.c.core.AprLifecycleListener - The APR based Apache Tomcat Native library which allows optimal performance in production environments was not found on the java.library.path: [D:\Program Files\Java\jdk1.8.0_181\bin;C:\Windows\Sun\Java\bin;C:\Windows\system32;C:\Windows;D:\Program Files\Python37\Scripts\;D:\Program Files\Python37\;C:\Program Files (x86)\Common Files\Oracle\Java\javapath;C:\Program Files (x86)\Intel\iCLS Client\;C:\Program Files\Intel\iCLS Client\;C:\Windows\system32;C:\Windows;C:\Windows\System32\Wbem;C:\Windows\System32\WindowsPowerShell\v1.0\;C:\Program Files (x86)\Intel\Intel(R) Management Engine Components\DAL;C:\Program Files\Intel\Intel(R) Management Engine Components\DAL;C:\Program Files (x86)\Intel\Intel(R) Management Engine Components\IPT;C:\Program Files\Intel\Intel(R) Management Engine Components\IPT;D:\Program Files\Java\jdk1.8.0_181\bin;D:\Program Files\Java\jdk1.8.0_181\jre\bin;D:\Program Files\mysql-5.7.23-winx64\bin;D:\Program Files\apache-maven-3.5.4\bin;D:\Program Files\Git\cmd;.]
[INFO ] 2018-10-29 16:54:38 [localhost-startStop-1] o.a.c.c.C.[Tomcat].[localhost].[/] - Initializing Spring embedded WebApplicationContext
[INFO ] 2018-10-29 16:54:38 [localhost-startStop-1] o.s.web.context.ContextLoader - Root WebApplicationContext: initialization completed in 1560 ms
[INFO ] 2018-10-29 16:54:38 [localhost-startStop-1] o.s.b.w.s.ServletRegistrationBean - Servlet dispatcherServlet mapped to [/]
[INFO ] 2018-10-29 16:54:38 [localhost-startStop-1] o.s.b.w.s.FilterRegistrationBean - Mapping filter: 'characterEncodingFilter' to: [/*]
[INFO ] 2018-10-29 16:54:38 [localhost-startStop-1] o.s.b.w.s.FilterRegistrationBean - Mapping filter: 'hiddenHttpMethodFilter' to: [/*]
[INFO ] 2018-10-29 16:54:38 [localhost-startStop-1] o.s.b.w.s.FilterRegistrationBean - Mapping filter: 'httpPutFormContentFilter' to: [/*]
[INFO ] 2018-10-29 16:54:38 [localhost-startStop-1] o.s.b.w.s.FilterRegistrationBean - Mapping filter: 'requestContextFilter' to: [/*]
[INFO ] 2018-10-29 16:54:38 [main] o.s.w.s.h.SimpleUrlHandlerMapping - Mapped URL path [/**/favicon.ico] onto handler of type [class org.springframework.web.servlet.resource.ResourceHttpRequestHandler]
[INFO ] 2018-10-29 16:54:38 [main] o.s.w.s.m.m.a.RequestMappingHandlerAdapter - Looking for @ControllerAdvice: org.springframework.boot.web.servlet.context.AnnotationConfigServletWebServerApplicationContext@fa4c865: startup date [Mon Oct 29 16:54:38 CST 2018]; root of context hierarchy
[INFO ] 2018-10-29 16:54:38 [main] o.s.w.s.m.m.a.RequestMappingHandlerMapping - Mapped "{[/users/users/{userId}],methods=[GET],produces=[application/json]}" onto public com.liang.funny.model.User com.liang.funny.controller.UserController.getUserBy(int)
[INFO ] 2018-10-29 16:54:38 [main] o.s.w.s.m.m.a.RequestMappingHandlerMapping - Mapped "{[/error]}" onto public org.springframework.http.ResponseEntity<java.util.Map<java.lang.String, java.lang.Object>> org.springframework.boot.autoconfigure.web.servlet.error.BasicErrorController.error(javax.servlet.http.HttpServletRequest)
[INFO ] 2018-10-29 16:54:38 [main] o.s.w.s.m.m.a.RequestMappingHandlerMapping - Mapped "{[/error],produces=[text/html]}" onto public org.springframework.web.servlet.ModelAndView org.springframework.boot.autoconfigure.web.servlet.error.BasicErrorController.errorHtml(javax.servlet.http.HttpServletRequest,javax.servlet.http.HttpServletResponse)
[INFO ] 2018-10-29 16:54:38 [main] o.s.w.s.h.SimpleUrlHandlerMapping - Mapped URL path [/webjars/**] onto handler of type [class org.springframework.web.servlet.resource.ResourceHttpRequestHandler]
[INFO ] 2018-10-29 16:54:38 [main] o.s.w.s.h.SimpleUrlHandlerMapping - Mapped URL path [/funny/**] onto handler of type [class org.springframework.web.servlet.resource.ResourceHttpRequestHandler]
[INFO ] 2018-10-29 16:54:38 [main] o.s.j.e.a.AnnotationMBeanExporter - Registering beans for JMX exposure on startup
[INFO ] 2018-10-29 16:54:38 [main] o.s.j.e.a.AnnotationMBeanExporter - Bean with name 'dataSource' has been autodetected for JMX exposure
[INFO ] 2018-10-29 16:54:38 [main] o.s.j.e.a.AnnotationMBeanExporter - Located MBean 'dataSource': registering with JMX server as MBean [com.alibaba.druid.pool:name=dataSource,type=DruidDataSource]
[INFO ] 2018-10-29 16:54:38 [main] o.s.b.w.e.tomcat.TomcatWebServer - Tomcat started on port(s): 8080 (http) with context path ''
[INFO ] 2018-10-29 16:54:38 [main] com.liang.funny.FunnyApplication - Started FunnyApplication in 3.994 seconds (JVM running for 8.437)
[INFO ] 2018-10-29 16:59:24 [main] com.liang.funny.FunnyApplication - Starting FunnyApplication on zhouliang02 with PID 3280 (D:\codes\funny\target\classes started by admin in D:\codes\funny)
[INFO ] 2018-10-29 16:59:24 [main] com.liang.funny.FunnyApplication - No active profile set, falling back to default profiles: default
[INFO ] 2018-10-29 16:59:24 [main] o.s.b.w.s.c.AnnotationConfigServletWebServerApplicationContext - Refreshing org.springframework.boot.web.servlet.context.AnnotationConfigServletWebServerApplicationContext@544fa968: startup date [Mon Oct 29 16:59:24 CST 2018]; root of context hierarchy
[INFO ] 2018-10-29 16:59:24 [main] o.s.b.w.e.tomcat.TomcatWebServer - Tomcat initialized with port(s): 8080 (http)
[INFO ] 2018-10-29 16:59:24 [main] o.a.catalina.core.StandardService - Starting service [Tomcat]
[INFO ] 2018-10-29 16:59:24 [main] o.a.catalina.core.StandardEngine - Starting Servlet Engine: Apache Tomcat/8.5.34
[INFO ] 2018-10-29 16:59:24 [localhost-startStop-1] o.a.c.core.AprLifecycleListener - The APR based Apache Tomcat Native library which allows optimal performance in production environments was not found on the java.library.path: [D:\Program Files\Java\jdk1.8.0_181\bin;C:\Windows\Sun\Java\bin;C:\Windows\system32;C:\Windows;D:\Program Files\Python37\Scripts\;D:\Program Files\Python37\;C:\Program Files (x86)\Common Files\Oracle\Java\javapath;C:\Program Files (x86)\Intel\iCLS Client\;C:\Program Files\Intel\iCLS Client\;C:\Windows\system32;C:\Windows;C:\Windows\System32\Wbem;C:\Windows\System32\WindowsPowerShell\v1.0\;C:\Program Files (x86)\Intel\Intel(R) Management Engine Components\DAL;C:\Program Files\Intel\Intel(R) Management Engine Components\DAL;C:\Program Files (x86)\Intel\Intel(R) Management Engine Components\IPT;C:\Program Files\Intel\Intel(R) Management Engine Components\IPT;D:\Program Files\Java\jdk1.8.0_181\bin;D:\Program Files\Java\jdk1.8.0_181\jre\bin;D:\Program Files\mysql-5.7.23-winx64\bin;D:\Program Files\apache-maven-3.5.4\bin;D:\Program Files\Git\cmd;.]
[INFO ] 2018-10-29 16:59:24 [localhost-startStop-1] o.a.c.c.C.[Tomcat].[localhost].[/] - Initializing Spring embedded WebApplicationContext
[INFO ] 2018-10-29 16:59:24 [localhost-startStop-1] o.s.web.context.ContextLoader - Root WebApplicationContext: initialization completed in 938 ms
[INFO ] 2018-10-29 16:59:24 [localhost-startStop-1] o.s.b.w.s.ServletRegistrationBean - Servlet dispatcherServlet mapped to [/]
[INFO ] 2018-10-29 16:59:24 [localhost-startStop-1] o.s.b.w.s.FilterRegistrationBean - Mapping filter: 'characterEncodingFilter' to: [/*]
[INFO ] 2018-10-29 16:59:24 [localhost-startStop-1] o.s.b.w.s.FilterRegistrationBean - Mapping filter: 'hiddenHttpMethodFilter' to: [/*]
[INFO ] 2018-10-29 16:59:24 [localhost-startStop-1] o.s.b.w.s.FilterRegistrationBean - Mapping filter: 'httpPutFormContentFilter' to: [/*]
[INFO ] 2018-10-29 16:59:24 [localhost-startStop-1] o.s.b.w.s.FilterRegistrationBean - Mapping filter: 'requestContextFilter' to: [/*]
[INFO ] 2018-10-29 16:59:24 [main] o.s.w.s.h.SimpleUrlHandlerMapping - Mapped URL path [/**/favicon.ico] onto handler of type [class org.springframework.web.servlet.resource.ResourceHttpRequestHandler]
[INFO ] 2018-10-29 16:59:24 [main] o.s.w.s.m.m.a.RequestMappingHandlerAdapter - Looking for @ControllerAdvice: org.springframework.boot.web.servlet.context.AnnotationConfigServletWebServerApplicationContext@544fa968: startup date [Mon Oct 29 16:59:24 CST 2018]; root of context hierarchy
[INFO ] 2018-10-29 16:59:24 [main] o.s.w.s.m.m.a.RequestMappingHandlerMapping - Mapped "{[/users/user/{userId}],methods=[GET],produces=[application/json]}" onto public com.liang.funny.model.User com.liang.funny.controller.UserController.getUserBy(int)
[INFO ] 2018-10-29 16:59:24 [main] o.s.w.s.m.m.a.RequestMappingHandlerMapping - Mapped "{[/error]}" onto public org.springframework.http.ResponseEntity<java.util.Map<java.lang.String, java.lang.Object>> org.springframework.boot.autoconfigure.web.servlet.error.BasicErrorController.error(javax.servlet.http.HttpServletRequest)
[INFO ] 2018-10-29 16:59:24 [main] o.s.w.s.m.m.a.RequestMappingHandlerMapping - Mapped "{[/error],produces=[text/html]}" onto public org.springframework.web.servlet.ModelAndView org.springframework.boot.autoconfigure.web.servlet.error.BasicErrorController.errorHtml(javax.servlet.http.HttpServletRequest,javax.servlet.http.HttpServletResponse)
[INFO ] 2018-10-29 16:59:24 [main] o.s.w.s.h.SimpleUrlHandlerMapping - Mapped URL path [/webjars/**] onto handler of type [class org.springframework.web.servlet.resource.ResourceHttpRequestHandler]
[INFO ] 2018-10-29 16:59:24 [main] o.s.w.s.h.SimpleUrlHandlerMapping - Mapped URL path [/funny/**] onto handler of type [class org.springframework.web.servlet.resource.ResourceHttpRequestHandler]
[INFO ] 2018-10-29 16:59:24 [main] o.s.j.e.a.AnnotationMBeanExporter - Registering beans for JMX exposure on startup
[INFO ] 2018-10-29 16:59:24 [main] o.s.j.e.a.AnnotationMBeanExporter - Bean with name 'dataSource' has been autodetected for JMX exposure
[INFO ] 2018-10-29 16:59:24 [main] o.s.j.e.a.AnnotationMBeanExporter - Located MBean 'dataSource': registering with JMX server as MBean [com.alibaba.druid.pool:name=dataSource,type=DruidDataSource]
[INFO ] 2018-10-29 16:59:24 [main] o.s.b.w.e.tomcat.TomcatWebServer - Tomcat started on port(s): 8080 (http) with context path ''
[INFO ] 2018-10-29 16:59:24 [main] com.liang.funny.FunnyApplication - Started FunnyApplication in 2.315 seconds (JVM running for 6.037)
[INFO ] 2018-10-29 16:59:24 [http-nio-8080-exec-1] o.a.c.c.C.[Tomcat].[localhost].[/] - Initializing Spring FrameworkServlet 'dispatcherServlet'
[INFO ] 2018-10-29 16:59:24 [http-nio-8080-exec-1] o.s.web.servlet.DispatcherServlet - FrameworkServlet 'dispatcherServlet': initialization started
[INFO ] 2018-10-29 16:59:24 [http-nio-8080-exec-1] o.s.web.servlet.DispatcherServlet - FrameworkServlet 'dispatcherServlet': initialization completed in 78 ms
[INFO ] 2018-10-29 17:23:01 [main] com.liang.funny.FunnyApplication - Starting FunnyApplication on zhouliang02 with PID 3832 (D:\codes\funny\target\classes started by admin in D:\codes\funny)
[INFO ] 2018-10-29 17:23:01 [main] com.liang.funny.FunnyApplication - No active profile set, falling back to default profiles: default
[INFO ] 2018-10-29 17:23:01 [main] o.s.b.w.s.c.AnnotationConfigServletWebServerApplicationContext - Refreshing org.springframework.boot.web.servlet.context.AnnotationConfigServletWebServerApplicationContext@489115ef: startup date [Mon Oct 29 17:23:01 CST 2018]; root of context hierarchy
[INFO ] 2018-10-29 17:23:01 [main] o.s.b.w.e.tomcat.TomcatWebServer - Tomcat initialized with port(s): 8080 (http)
[INFO ] 2018-10-29 17:23:01 [main] o.a.catalina.core.StandardService - Starting service [Tomcat]
[INFO ] 2018-10-29 17:23:01 [main] o.a.catalina.core.StandardEngine - Starting Servlet Engine: Apache Tomcat/8.5.34
[INFO ] 2018-10-29 17:23:01 [localhost-startStop-1] o.a.c.core.AprLifecycleListener - The APR based Apache Tomcat Native library which allows optimal performance in production environments was not found on the java.library.path: [D:\Program Files\Java\jdk1.8.0_181\bin;C:\Windows\Sun\Java\bin;C:\Windows\system32;C:\Windows;D:\Program Files\Python37\Scripts\;D:\Program Files\Python37\;C:\Program Files (x86)\Common Files\Oracle\Java\javapath;C:\Program Files (x86)\Intel\iCLS Client\;C:\Program Files\Intel\iCLS Client\;C:\Windows\system32;C:\Windows;C:\Windows\System32\Wbem;C:\Windows\System32\WindowsPowerShell\v1.0\;C:\Program Files (x86)\Intel\Intel(R) Management Engine Components\DAL;C:\Program Files\Intel\Intel(R) Management Engine Components\DAL;C:\Program Files (x86)\Intel\Intel(R) Management Engine Components\IPT;C:\Program Files\Intel\Intel(R) Management Engine Components\IPT;D:\Program Files\Java\jdk1.8.0_181\bin;D:\Program Files\Java\jdk1.8.0_181\jre\bin;D:\Program Files\mysql-5.7.23-winx64\bin;D:\Program Files\apache-maven-3.5.4\bin;D:\Program Files\Git\cmd;.]
[INFO ] 2018-10-29 17:23:01 [localhost-startStop-1] o.a.c.c.C.[Tomcat].[localhost].[/] - Initializing Spring embedded WebApplicationContext
[INFO ] 2018-10-29 17:23:01 [localhost-startStop-1] o.s.web.context.ContextLoader - Root WebApplicationContext: initialization completed in 1004 ms
[INFO ] 2018-10-29 17:23:01 [localhost-startStop-1] o.s.b.w.s.ServletRegistrationBean - Servlet dispatcherServlet mapped to [/]
[INFO ] 2018-10-29 17:23:01 [localhost-startStop-1] o.s.b.w.s.FilterRegistrationBean - Mapping filter: 'characterEncodingFilter' to: [/*]
[INFO ] 2018-10-29 17:23:01 [localhost-startStop-1] o.s.b.w.s.FilterRegistrationBean - Mapping filter: 'hiddenHttpMethodFilter' to: [/*]
[INFO ] 2018-10-29 17:23:01 [localhost-startStop-1] o.s.b.w.s.FilterRegistrationBean - Mapping filter: 'httpPutFormContentFilter' to: [/*]
[INFO ] 2018-10-29 17:23:01 [localhost-startStop-1] o.s.b.w.s.FilterRegistrationBean - Mapping filter: 'requestContextFilter' to: [/*]
[INFO ] 2018-10-29 17:23:01 [main] o.s.w.s.h.SimpleUrlHandlerMapping - Mapped URL path [/**/favicon.ico] onto handler of type [class org.springframework.web.servlet.resource.ResourceHttpRequestHandler]
[INFO ] 2018-10-29 17:23:01 [main] o.s.w.s.m.m.a.RequestMappingHandlerAdapter - Looking for @ControllerAdvice: org.springframework.boot.web.servlet.context.AnnotationConfigServletWebServerApplicationContext@489115ef: startup date [Mon Oct 29 17:23:01 CST 2018]; root of context hierarchy
[INFO ] 2018-10-29 17:23:01 [main] o.s.w.s.m.m.a.RequestMappingHandlerMapping - Mapped "{[/users/user/{userId}],methods=[GET],produces=[application/json]}" onto public com.liang.funny.model.User com.liang.funny.controller.UserController.getUserBy(int)
[INFO ] 2018-10-29 17:23:01 [main] o.s.w.s.m.m.a.RequestMappingHandlerMapping - Mapped "{[/error]}" onto public org.springframework.http.ResponseEntity<java.util.Map<java.lang.String, java.lang.Object>> org.springframework.boot.autoconfigure.web.servlet.error.BasicErrorController.error(javax.servlet.http.HttpServletRequest)
[INFO ] 2018-10-29 17:23:01 [main] o.s.w.s.m.m.a.RequestMappingHandlerMapping - Mapped "{[/error],produces=[text/html]}" onto public org.springframework.web.servlet.ModelAndView org.springframework.boot.autoconfigure.web.servlet.error.BasicErrorController.errorHtml(javax.servlet.http.HttpServletRequest,javax.servlet.http.HttpServletResponse)
[INFO ] 2018-10-29 17:23:01 [main] o.s.w.s.h.SimpleUrlHandlerMapping - Mapped URL path [/webjars/**] onto handler of type [class org.springframework.web.servlet.resource.ResourceHttpRequestHandler]
[INFO ] 2018-10-29 17:23:01 [main] o.s.w.s.h.SimpleUrlHandlerMapping - Mapped URL path [/funny/**] onto handler of type [class org.springframework.web.servlet.resource.ResourceHttpRequestHandler]
[INFO ] 2018-10-29 17:23:01 [main] o.s.j.e.a.AnnotationMBeanExporter - Registering beans for JMX exposure on startup
[INFO ] 2018-10-29 17:23:01 [main] o.s.j.e.a.AnnotationMBeanExporter - Bean with name 'dataSource' has been autodetected for JMX exposure
[INFO ] 2018-10-29 17:23:01 [main] o.s.j.e.a.AnnotationMBeanExporter - Located MBean 'dataSource': registering with JMX server as MBean [com.alibaba.druid.pool:name=dataSource,type=DruidDataSource]
[INFO ] 2018-10-29 17:23:01 [main] o.s.b.w.e.tomcat.TomcatWebServer - Tomcat started on port(s): 8080 (http) with context path ''
[INFO ] 2018-10-29 17:23:01 [main] com.liang.funny.FunnyApplication - Started FunnyApplication in 2.353 seconds (JVM running for 5.979)
[INFO ] 2018-10-29 17:23:01 [http-nio-8080-exec-1] o.a.c.c.C.[Tomcat].[localhost].[/] - Initializing Spring FrameworkServlet 'dispatcherServlet'
[INFO ] 2018-10-29 17:23:01 [http-nio-8080-exec-1] o.s.web.servlet.DispatcherServlet - FrameworkServlet 'dispatcherServlet': initialization started
[INFO ] 2018-10-29 17:23:01 [http-nio-8080-exec-1] o.s.web.servlet.DispatcherServlet - FrameworkServlet 'dispatcherServlet': initialization completed in 14 ms
[INFO ] 2018-10-29 17:36:45 [main] com.liang.funny.FunnyApplication - Starting FunnyApplication on zhouliang02 with PID 7128 (D:\codes\funny\target\classes started by admin in D:\codes\funny)
[INFO ] 2018-10-29 17:36:45 [main] com.liang.funny.FunnyApplication - No active profile set, falling back to default profiles: default
[INFO ] 2018-10-29 17:36:45 [main] o.s.b.w.s.c.AnnotationConfigServletWebServerApplicationContext - Refreshing org.springframework.boot.web.servlet.context.AnnotationConfigServletWebServerApplicationContext@7c6908d7: startup date [Mon Oct 29 17:36:45 CST 2018]; root of context hierarchy
[INFO ] 2018-10-29 17:36:45 [main] o.s.b.w.e.tomcat.TomcatWebServer - Tomcat initialized with port(s): 8080 (http)
[INFO ] 2018-10-29 17:36:45 [main] o.a.catalina.core.StandardService - Starting service [Tomcat]
[INFO ] 2018-10-29 17:36:45 [main] o.a.catalina.core.StandardEngine - Starting Servlet Engine: Apache Tomcat/8.5.34
[INFO ] 2018-10-29 17:36:45 [localhost-startStop-1] o.a.c.core.AprLifecycleListener - The APR based Apache Tomcat Native library which allows optimal performance in production environments was not found on the java.library.path: [D:\Program Files\Java\jdk1.8.0_181\bin;C:\Windows\Sun\Java\bin;C:\Windows\system32;C:\Windows;D:\Program Files\Python37\Scripts\;D:\Program Files\Python37\;C:\Program Files (x86)\Common Files\Oracle\Java\javapath;C:\Program Files (x86)\Intel\iCLS Client\;C:\Program Files\Intel\iCLS Client\;C:\Windows\system32;C:\Windows;C:\Windows\System32\Wbem;C:\Windows\System32\WindowsPowerShell\v1.0\;C:\Program Files (x86)\Intel\Intel(R) Management Engine Components\DAL;C:\Program Files\Intel\Intel(R) Management Engine Components\DAL;C:\Program Files (x86)\Intel\Intel(R) Management Engine Components\IPT;C:\Program Files\Intel\Intel(R) Management Engine Components\IPT;D:\Program Files\Java\jdk1.8.0_181\bin;D:\Program Files\Java\jdk1.8.0_181\jre\bin;D:\Program Files\mysql-5.7.23-winx64\bin;D:\Program Files\apache-maven-3.5.4\bin;D:\Program Files\Git\cmd;.]
[INFO ] 2018-10-29 17:36:45 [localhost-startStop-1] o.a.c.c.C.[Tomcat].[localhost].[/] - Initializing Spring embedded WebApplicationContext
[INFO ] 2018-10-29 17:36:45 [localhost-startStop-1] o.s.web.context.ContextLoader - Root WebApplicationContext: initialization completed in 879 ms
[INFO ] 2018-10-29 17:36:45 [localhost-startStop-1] o.s.b.w.s.ServletRegistrationBean - Servlet dispatcherServlet mapped to [/]
[INFO ] 2018-10-29 17:36:45 [localhost-startStop-1] o.s.b.w.s.FilterRegistrationBean - Mapping filter: 'characterEncodingFilter' to: [/*]
[INFO ] 2018-10-29 17:36:45 [localhost-startStop-1] o.s.b.w.s.FilterRegistrationBean - Mapping filter: 'hiddenHttpMethodFilter' to: [/*]
[INFO ] 2018-10-29 17:36:45 [localhost-startStop-1] o.s.b.w.s.FilterRegistrationBean - Mapping filter: 'httpPutFormContentFilter' to: [/*]
[INFO ] 2018-10-29 17:36:45 [localhost-startStop-1] o.s.b.w.s.FilterRegistrationBean - Mapping filter: 'requestContextFilter' to: [/*]
[INFO ] 2018-10-29 17:36:45 [main] o.s.w.s.h.SimpleUrlHandlerMapping - Mapped URL path [/**/favicon.ico] onto handler of type [class org.springframework.web.servlet.resource.ResourceHttpRequestHandler]
[INFO ] 2018-10-29 17:36:45 [main] o.s.w.s.m.m.a.RequestMappingHandlerAdapter - Looking for @ControllerAdvice: org.springframework.boot.web.servlet.context.AnnotationConfigServletWebServerApplicationContext@7c6908d7: startup date [Mon Oct 29 17:36:45 CST 2018]; root of context hierarchy
[INFO ] 2018-10-29 17:36:45 [main] o.s.w.s.m.m.a.RequestMappingHandlerMapping - Mapped "{[/user/{userId}],methods=[GET],produces=[application/json]}" onto public com.liang.funny.model.User com.liang.funny.controller.UserController.getUserBy(int)
[INFO ] 2018-10-29 17:36:45 [main] o.s.w.s.m.m.a.RequestMappingHandlerMapping - Mapped "{[/users],methods=[GET],produces=[application/json]}" onto public java.util.List<com.liang.funny.model.User> com.liang.funny.controller.UserController.getUsers()
[INFO ] 2018-10-29 17:36:45 [main] o.s.w.s.m.m.a.RequestMappingHandlerMapping - Mapped "{[/error]}" onto public org.springframework.http.ResponseEntity<java.util.Map<java.lang.String, java.lang.Object>> org.springframework.boot.autoconfigure.web.servlet.error.BasicErrorController.error(javax.servlet.http.HttpServletRequest)
[INFO ] 2018-10-29 17:36:45 [main] o.s.w.s.m.m.a.RequestMappingHandlerMapping - Mapped "{[/error],produces=[text/html]}" onto public org.springframework.web.servlet.ModelAndView org.springframework.boot.autoconfigure.web.servlet.error.BasicErrorController.errorHtml(javax.servlet.http.HttpServletRequest,javax.servlet.http.HttpServletResponse)
[INFO ] 2018-10-29 17:36:45 [main] o.s.w.s.h.SimpleUrlHandlerMapping - Mapped URL path [/webjars/**] onto handler of type [class org.springframework.web.servlet.resource.ResourceHttpRequestHandler]
[INFO ] 2018-10-29 17:36:45 [main] o.s.w.s.h.SimpleUrlHandlerMapping - Mapped URL path [/funny/**] onto handler of type [class org.springframework.web.servlet.resource.ResourceHttpRequestHandler]
[INFO ] 2018-10-29 17:36:45 [main] o.s.j.e.a.AnnotationMBeanExporter - Registering beans for JMX exposure on startup
[INFO ] 2018-10-29 17:36:45 [main] o.s.j.e.a.AnnotationMBeanExporter - Bean with name 'dataSource' has been autodetected for JMX exposure
[INFO ] 2018-10-29 17:36:45 [main] o.s.j.e.a.AnnotationMBeanExporter - Located MBean 'dataSource': registering with JMX server as MBean [com.alibaba.druid.pool:name=dataSource,type=DruidDataSource]
[INFO ] 2018-10-29 17:36:45 [main] o.s.b.w.e.tomcat.TomcatWebServer - Tomcat started on port(s): 8080 (http) with context path ''
[INFO ] 2018-10-29 17:36:45 [main] com.liang.funny.FunnyApplication - Started FunnyApplication in 2.104 seconds (JVM running for 5.989)
[INFO ] 2018-10-29 17:36:45 [http-nio-8080-exec-1] o.a.c.c.C.[Tomcat].[localhost].[/] - Initializing Spring FrameworkServlet 'dispatcherServlet'
[INFO ] 2018-10-29 17:36:45 [http-nio-8080-exec-1] o.s.web.servlet.DispatcherServlet - FrameworkServlet 'dispatcherServlet': initialization started
[INFO ] 2018-10-29 17:36:45 [http-nio-8080-exec-1] o.s.web.servlet.DispatcherServlet - FrameworkServlet 'dispatcherServlet': initialization completed in 18 ms
[INFO ] 2018-10-29 17:36:45 [http-nio-8080-exec-1] c.alibaba.druid.pool.DruidDataSource - {dataSource-1} inited
[INFO ] 2018-10-29 17:48:33 [main] com.liang.funny.FunnyApplication - Starting FunnyApplication on zhouliang02 with PID 8620 (D:\codes\funny\target\classes started by admin in D:\codes\funny)
[INFO ] 2018-10-29 17:48:33 [main] com.liang.funny.FunnyApplication - No active profile set, falling back to default profiles: default
[INFO ] 2018-10-29 17:48:33 [main] o.s.b.w.s.c.AnnotationConfigServletWebServerApplicationContext - Refreshing org.springframework.boot.web.servlet.context.AnnotationConfigServletWebServerApplicationContext@489115ef: startup date [Mon Oct 29 17:48:33 CST 2018]; root of context hierarchy
[INFO ] 2018-10-29 17:48:33 [main] o.s.b.w.e.tomcat.TomcatWebServer - Tomcat initialized with port(s): 8080 (http)
[INFO ] 2018-10-29 17:48:33 [main] o.a.catalina.core.StandardService - Starting service [Tomcat]
[INFO ] 2018-10-29 17:48:33 [main] o.a.catalina.core.StandardEngine - Starting Servlet Engine: Apache Tomcat/8.5.34
[INFO ] 2018-10-29 17:48:33 [localhost-startStop-1] o.a.c.core.AprLifecycleListener - The APR based Apache Tomcat Native library which allows optimal performance in production environments was not found on the java.library.path: [D:\Program Files\Java\jdk1.8.0_181\bin;C:\Windows\Sun\Java\bin;C:\Windows\system32;C:\Windows;D:\Program Files\Python37\Scripts\;D:\Program Files\Python37\;C:\Program Files (x86)\Common Files\Oracle\Java\javapath;C:\Program Files (x86)\Intel\iCLS Client\;C:\Program Files\Intel\iCLS Client\;C:\Windows\system32;C:\Windows;C:\Windows\System32\Wbem;C:\Windows\System32\WindowsPowerShell\v1.0\;C:\Program Files (x86)\Intel\Intel(R) Management Engine Components\DAL;C:\Program Files\Intel\Intel(R) Management Engine Components\DAL;C:\Program Files (x86)\Intel\Intel(R) Management Engine Components\IPT;C:\Program Files\Intel\Intel(R) Management Engine Components\IPT;D:\Program Files\Java\jdk1.8.0_181\bin;D:\Program Files\Java\jdk1.8.0_181\jre\bin;D:\Program Files\mysql-5.7.23-winx64\bin;D:\Program Files\apache-maven-3.5.4\bin;D:\Program Files\Git\cmd;.]
[INFO ] 2018-10-29 17:48:33 [localhost-startStop-1] o.a.c.c.C.[Tomcat].[localhost].[/] - Initializing Spring embedded WebApplicationContext
[INFO ] 2018-10-29 17:48:33 [localhost-startStop-1] o.s.web.context.ContextLoader - Root WebApplicationContext: initialization completed in 882 ms
[INFO ] 2018-10-29 17:48:33 [localhost-startStop-1] o.s.b.w.s.ServletRegistrationBean - Servlet dispatcherServlet mapped to [/]
[INFO ] 2018-10-29 17:48:33 [localhost-startStop-1] o.s.b.w.s.FilterRegistrationBean - Mapping filter: 'characterEncodingFilter' to: [/*]
[INFO ] 2018-10-29 17:48:33 [localhost-startStop-1] o.s.b.w.s.FilterRegistrationBean - Mapping filter: 'hiddenHttpMethodFilter' to: [/*]
[INFO ] 2018-10-29 17:48:33 [localhost-startStop-1] o.s.b.w.s.FilterRegistrationBean - Mapping filter: 'httpPutFormContentFilter' to: [/*]
[INFO ] 2018-10-29 17:48:33 [localhost-startStop-1] o.s.b.w.s.FilterRegistrationBean - Mapping filter: 'requestContextFilter' to: [/*]
[INFO ] 2018-10-29 17:48:33 [main] o.s.w.s.h.SimpleUrlHandlerMapping - Mapped URL path [/**/favicon.ico] onto handler of type [class org.springframework.web.servlet.resource.ResourceHttpRequestHandler]
[INFO ] 2018-10-29 17:48:33 [main] o.s.w.s.m.m.a.RequestMappingHandlerAdapter - Looking for @ControllerAdvice: org.springframework.boot.web.servlet.context.AnnotationConfigServletWebServerApplicationContext@489115ef: startup date [Mon Oct 29 17:48:33 CST 2018]; root of context hierarchy
[INFO ] 2018-10-29 17:48:33 [main] o.s.w.s.m.m.a.RequestMappingHandlerMapping - Mapped "{[/user/{userId}],methods=[GET],produces=[application/json]}" onto public com.liang.funny.model.User com.liang.funny.controller.UserController.getUserBy(int)
[INFO ] 2018-10-29 17:48:33 [main] o.s.w.s.m.m.a.RequestMappingHandlerMapping - Mapped "{[/users],methods=[GET],produces=[application/json]}" onto public java.util.List<com.liang.funny.model.User> com.liang.funny.controller.UserController.getUsers()
[INFO ] 2018-10-29 17:48:33 [main] o.s.w.s.m.m.a.RequestMappingHandlerMapping - Mapped "{[/error]}" onto public org.springframework.http.ResponseEntity<java.util.Map<java.lang.String, java.lang.Object>> org.springframework.boot.autoconfigure.web.servlet.error.BasicErrorController.error(javax.servlet.http.HttpServletRequest)
[INFO ] 2018-10-29 17:48:33 [main] o.s.w.s.m.m.a.RequestMappingHandlerMapping - Mapped "{[/error],produces=[text/html]}" onto public org.springframework.web.servlet.ModelAndView org.springframework.boot.autoconfigure.web.servlet.error.BasicErrorController.errorHtml(javax.servlet.http.HttpServletRequest,javax.servlet.http.HttpServletResponse)
[INFO ] 2018-10-29 17:48:33 [main] o.s.w.s.h.SimpleUrlHandlerMapping - Mapped URL path [/webjars/**] onto handler of type [class org.springframework.web.servlet.resource.ResourceHttpRequestHandler]
[INFO ] 2018-10-29 17:48:33 [main] o.s.w.s.h.SimpleUrlHandlerMapping - Mapped URL path [/funny/**] onto handler of type [class org.springframework.web.servlet.resource.ResourceHttpRequestHandler]
[INFO ] 2018-10-29 17:48:33 [main] o.s.j.e.a.AnnotationMBeanExporter - Registering beans for JMX exposure on startup
[INFO ] 2018-10-29 17:48:33 [main] o.s.j.e.a.AnnotationMBeanExporter - Bean with name 'dataSource' has been autodetected for JMX exposure
[INFO ] 2018-10-29 17:48:33 [main] o.s.j.e.a.AnnotationMBeanExporter - Located MBean 'dataSource': registering with JMX server as MBean [com.alibaba.druid.pool:name=dataSource,type=DruidDataSource]
[INFO ] 2018-10-29 17:48:33 [main] o.s.b.w.e.tomcat.TomcatWebServer - Tomcat started on port(s): 8080 (http) with context path ''
[INFO ] 2018-10-29 17:48:33 [main] com.liang.funny.FunnyApplication - Started FunnyApplication in 2.135 seconds (JVM running for 5.777)
[INFO ] 2018-10-29 17:48:33 [http-nio-8080-exec-1] o.a.c.c.C.[Tomcat].[localhost].[/] - Initializing Spring FrameworkServlet 'dispatcherServlet'
[INFO ] 2018-10-29 17:48:33 [http-nio-8080-exec-1] o.s.web.servlet.DispatcherServlet - FrameworkServlet 'dispatcherServlet': initialization started
[INFO ] 2018-10-29 17:48:33 [http-nio-8080-exec-1] o.s.web.servlet.DispatcherServlet - FrameworkServlet 'dispatcherServlet': initialization completed in 16 ms
[INFO ] 2018-10-29 17:48:33 [http-nio-8080-exec-1] c.alibaba.druid.pool.DruidDataSource - {dataSource-1} inited
