[INFO ] 2018-11-02 10:10:18 [main] com.liang.funny.FunnyApplication - Starting FunnyApplication on zhouliang02 with PID 1576 (D:\codes\funny\target\classes started by admin in D:\codes\funny)
[INFO ] 2018-11-02 10:10:18 [main] com.liang.funny.FunnyApplication - No active profile set, falling back to default profiles: default
[INFO ] 2018-11-02 10:10:18 [main] o.s.b.w.s.c.AnnotationConfigServletWebServerApplicationContext - Refreshing org.springframework.boot.web.servlet.context.AnnotationConfigServletWebServerApplicationContext@7c6908d7: startup date [Fri Nov 02 10:10:19 CST 2018]; root of context hierarchy
[INFO ] 2018-11-02 10:10:18 [main] o.s.b.w.e.tomcat.TomcatWebServer - Tomcat initialized with port(s): 8080 (http)
[INFO ] 2018-11-02 10:10:18 [main] o.a.catalina.core.StandardService - Starting service [Tomcat]
[INFO ] 2018-11-02 10:10:18 [main] o.a.catalina.core.StandardEngine - Starting Servlet Engine: Apache Tomcat/8.5.34
[INFO ] 2018-11-02 10:10:18 [localhost-startStop-1] o.a.c.core.AprLifecycleListener - The APR based Apache Tomcat Native library which allows optimal performance in production environments was not found on the java.library.path: [D:\Program Files\Java\jdk1.8.0_181\bin;C:\Windows\Sun\Java\bin;C:\Windows\system32;C:\Windows;D:\Program Files\Python37\Scripts\;D:\Program Files\Python37\;C:\Program Files (x86)\Common Files\Oracle\Java\javapath;C:\Program Files (x86)\Intel\iCLS Client\;C:\Program Files\Intel\iCLS Client\;C:\Windows\system32;C:\Windows;C:\Windows\System32\Wbem;C:\Windows\System32\WindowsPowerShell\v1.0\;C:\Program Files (x86)\Intel\Intel(R) Management Engine Components\DAL;C:\Program Files\Intel\Intel(R) Management Engine Components\DAL;C:\Program Files (x86)\Intel\Intel(R) Management Engine Components\IPT;C:\Program Files\Intel\Intel(R) Management Engine Components\IPT;D:\Program Files\Java\jdk1.8.0_181\bin;D:\Program Files\Java\jdk1.8.0_181\jre\bin;D:\Program Files\mysql-5.7.23-winx64\bin;D:\Program Files\apache-maven-3.5.4\bin;D:\Program Files\Git\cmd;.]
[INFO ] 2018-11-02 10:10:18 [localhost-startStop-1] o.a.c.c.C.[Tomcat].[localhost].[/] - Initializing Spring embedded WebApplicationContext
[INFO ] 2018-11-02 10:10:18 [localhost-startStop-1] o.s.web.context.ContextLoader - Root WebApplicationContext: initialization completed in 1082 ms
[INFO ] 2018-11-02 10:10:18 [localhost-startStop-1] o.s.b.w.s.ServletRegistrationBean - Servlet dispatcherServlet mapped to [/]
[INFO ] 2018-11-02 10:10:18 [localhost-startStop-1] o.s.b.w.s.FilterRegistrationBean - Mapping filter: 'characterEncodingFilter' to: [/*]
[INFO ] 2018-11-02 10:10:18 [localhost-startStop-1] o.s.b.w.s.FilterRegistrationBean - Mapping filter: 'hiddenHttpMethodFilter' to: [/*]
[INFO ] 2018-11-02 10:10:18 [localhost-startStop-1] o.s.b.w.s.FilterRegistrationBean - Mapping filter: 'httpPutFormContentFilter' to: [/*]
[INFO ] 2018-11-02 10:10:18 [localhost-startStop-1] o.s.b.w.s.FilterRegistrationBean - Mapping filter: 'requestContextFilter' to: [/*]
[INFO ] 2018-11-02 10:10:18 [main] o.a.catalina.core.StandardService - Stopping service [Tomcat]
[INFO ] 2018-11-02 10:10:18 [main] o.s.b.a.l.ConditionEvaluationReportLoggingListener - 

Error starting ApplicationContext. To display the conditions report re-run your application with 'debug' enabled.
[INFO ] 2018-11-02 10:12:48 [main] com.liang.funny.FunnyApplication - Starting FunnyApplication on zhouliang02 with PID 7480 (D:\codes\funny\target\classes started by admin in D:\codes\funny)
[INFO ] 2018-11-02 10:12:48 [main] com.liang.funny.FunnyApplication - No active profile set, falling back to default profiles: default
[INFO ] 2018-11-02 10:12:48 [main] o.s.b.w.s.c.AnnotationConfigServletWebServerApplicationContext - Refreshing org.springframework.boot.web.servlet.context.AnnotationConfigServletWebServerApplicationContext@3bf7ca37: startup date [Fri Nov 02 10:12:48 CST 2018]; root of context hierarchy
[INFO ] 2018-11-02 10:12:48 [main] o.s.b.w.e.tomcat.TomcatWebServer - Tomcat initialized with port(s): 8080 (http)
[INFO ] 2018-11-02 10:12:48 [main] o.a.catalina.core.StandardService - Starting service [Tomcat]
[INFO ] 2018-11-02 10:12:48 [main] o.a.catalina.core.StandardEngine - Starting Servlet Engine: Apache Tomcat/8.5.34
[INFO ] 2018-11-02 10:12:48 [localhost-startStop-1] o.a.c.core.AprLifecycleListener - The APR based Apache Tomcat Native library which allows optimal performance in production environments was not found on the java.library.path: [D:\Program Files\Java\jdk1.8.0_181\bin;C:\Windows\Sun\Java\bin;C:\Windows\system32;C:\Windows;D:\Program Files\Python37\Scripts\;D:\Program Files\Python37\;C:\Program Files (x86)\Common Files\Oracle\Java\javapath;C:\Program Files (x86)\Intel\iCLS Client\;C:\Program Files\Intel\iCLS Client\;C:\Windows\system32;C:\Windows;C:\Windows\System32\Wbem;C:\Windows\System32\WindowsPowerShell\v1.0\;C:\Program Files (x86)\Intel\Intel(R) Management Engine Components\DAL;C:\Program Files\Intel\Intel(R) Management Engine Components\DAL;C:\Program Files (x86)\Intel\Intel(R) Management Engine Components\IPT;C:\Program Files\Intel\Intel(R) Management Engine Components\IPT;D:\Program Files\Java\jdk1.8.0_181\bin;D:\Program Files\Java\jdk1.8.0_181\jre\bin;D:\Program Files\mysql-5.7.23-winx64\bin;D:\Program Files\apache-maven-3.5.4\bin;D:\Program Files\Git\cmd;.]
[INFO ] 2018-11-02 10:12:48 [localhost-startStop-1] o.a.c.c.C.[Tomcat].[localhost].[/] - Initializing Spring embedded WebApplicationContext
[INFO ] 2018-11-02 10:12:48 [localhost-startStop-1] o.s.web.context.ContextLoader - Root WebApplicationContext: initialization completed in 860 ms
[INFO ] 2018-11-02 10:12:48 [localhost-startStop-1] o.s.b.w.s.ServletRegistrationBean - Servlet dispatcherServlet mapped to [/]
[INFO ] 2018-11-02 10:12:48 [localhost-startStop-1] o.s.b.w.s.FilterRegistrationBean - Mapping filter: 'characterEncodingFilter' to: [/*]
[INFO ] 2018-11-02 10:12:48 [localhost-startStop-1] o.s.b.w.s.FilterRegistrationBean - Mapping filter: 'hiddenHttpMethodFilter' to: [/*]
[INFO ] 2018-11-02 10:12:48 [localhost-startStop-1] o.s.b.w.s.FilterRegistrationBean - Mapping filter: 'httpPutFormContentFilter' to: [/*]
[INFO ] 2018-11-02 10:12:48 [localhost-startStop-1] o.s.b.w.s.FilterRegistrationBean - Mapping filter: 'requestContextFilter' to: [/*]
[INFO ] 2018-11-02 10:12:48 [main] o.a.catalina.core.StandardService - Stopping service [Tomcat]
[INFO ] 2018-11-02 10:12:48 [main] o.s.b.a.l.ConditionEvaluationReportLoggingListener - 

Error starting ApplicationContext. To display the conditions report re-run your application with 'debug' enabled.
[INFO ] 2018-11-02 10:15:32 [main] com.liang.funny.FunnyApplication - Starting FunnyApplication on zhouliang02 with PID 6164 (D:\codes\funny\target\classes started by admin in D:\codes\funny)
[INFO ] 2018-11-02 10:15:32 [main] com.liang.funny.FunnyApplication - No active profile set, falling back to default profiles: default
[INFO ] 2018-11-02 10:15:32 [main] o.s.b.w.s.c.AnnotationConfigServletWebServerApplicationContext - Refreshing org.springframework.boot.web.servlet.context.AnnotationConfigServletWebServerApplicationContext@3bf7ca37: startup date [Fri Nov 02 10:15:32 CST 2018]; root of context hierarchy
[INFO ] 2018-11-02 10:15:32 [main] o.s.b.w.e.tomcat.TomcatWebServer - Tomcat initialized with port(s): 8080 (http)
[INFO ] 2018-11-02 10:15:32 [main] o.a.catalina.core.StandardService - Starting service [Tomcat]
[INFO ] 2018-11-02 10:15:32 [main] o.a.catalina.core.StandardEngine - Starting Servlet Engine: Apache Tomcat/8.5.34
[INFO ] 2018-11-02 10:15:32 [localhost-startStop-1] o.a.c.core.AprLifecycleListener - The APR based Apache Tomcat Native library which allows optimal performance in production environments was not found on the java.library.path: [D:\Program Files\Java\jdk1.8.0_181\bin;C:\Windows\Sun\Java\bin;C:\Windows\system32;C:\Windows;D:\Program Files\Python37\Scripts\;D:\Program Files\Python37\;C:\Program Files (x86)\Common Files\Oracle\Java\javapath;C:\Program Files (x86)\Intel\iCLS Client\;C:\Program Files\Intel\iCLS Client\;C:\Windows\system32;C:\Windows;C:\Windows\System32\Wbem;C:\Windows\System32\WindowsPowerShell\v1.0\;C:\Program Files (x86)\Intel\Intel(R) Management Engine Components\DAL;C:\Program Files\Intel\Intel(R) Management Engine Components\DAL;C:\Program Files (x86)\Intel\Intel(R) Management Engine Components\IPT;C:\Program Files\Intel\Intel(R) Management Engine Components\IPT;D:\Program Files\Java\jdk1.8.0_181\bin;D:\Program Files\Java\jdk1.8.0_181\jre\bin;D:\Program Files\mysql-5.7.23-winx64\bin;D:\Program Files\apache-maven-3.5.4\bin;D:\Program Files\Git\cmd;.]
[INFO ] 2018-11-02 10:15:32 [localhost-startStop-1] o.a.c.c.C.[Tomcat].[localhost].[/] - Initializing Spring embedded WebApplicationContext
[INFO ] 2018-11-02 10:15:32 [localhost-startStop-1] o.s.web.context.ContextLoader - Root WebApplicationContext: initialization completed in 852 ms
[INFO ] 2018-11-02 10:15:32 [localhost-startStop-1] o.s.b.w.s.ServletRegistrationBean - Servlet dispatcherServlet mapped to [/]
[INFO ] 2018-11-02 10:15:32 [localhost-startStop-1] o.s.b.w.s.FilterRegistrationBean - Mapping filter: 'characterEncodingFilter' to: [/*]
[INFO ] 2018-11-02 10:15:32 [localhost-startStop-1] o.s.b.w.s.FilterRegistrationBean - Mapping filter: 'hiddenHttpMethodFilter' to: [/*]
[INFO ] 2018-11-02 10:15:32 [localhost-startStop-1] o.s.b.w.s.FilterRegistrationBean - Mapping filter: 'httpPutFormContentFilter' to: [/*]
[INFO ] 2018-11-02 10:15:32 [localhost-startStop-1] o.s.b.w.s.FilterRegistrationBean - Mapping filter: 'requestContextFilter' to: [/*]
[INFO ] 2018-11-02 10:15:32 [main] o.a.catalina.core.StandardService - Stopping service [Tomcat]
[INFO ] 2018-11-02 10:15:32 [main] o.s.b.a.l.ConditionEvaluationReportLoggingListener - 

Error starting ApplicationContext. To display the conditions report re-run your application with 'debug' enabled.
[INFO ] 2018-11-02 10:26:11 [main] com.liang.funny.FunnyApplication - Starting FunnyApplication on zhouliang02 with PID 9544 (D:\codes\funny\target\classes started by admin in D:\codes\funny)
[INFO ] 2018-11-02 10:26:11 [main] com.liang.funny.FunnyApplication - No active profile set, falling back to default profiles: default
[INFO ] 2018-11-02 10:26:11 [main] o.s.b.w.s.c.AnnotationConfigServletWebServerApplicationContext - Refreshing org.springframework.boot.web.servlet.context.AnnotationConfigServletWebServerApplicationContext@3bf7ca37: startup date [Fri Nov 02 10:26:12 CST 2018]; root of context hierarchy
[INFO ] 2018-11-02 10:26:11 [main] o.s.b.w.e.tomcat.TomcatWebServer - Tomcat initialized with port(s): 8080 (http)
[INFO ] 2018-11-02 10:26:11 [main] o.a.catalina.core.StandardService - Starting service [Tomcat]
[INFO ] 2018-11-02 10:26:11 [main] o.a.catalina.core.StandardEngine - Starting Servlet Engine: Apache Tomcat/8.5.34
[INFO ] 2018-11-02 10:26:11 [localhost-startStop-1] o.a.c.core.AprLifecycleListener - The APR based Apache Tomcat Native library which allows optimal performance in production environments was not found on the java.library.path: [D:\Program Files\Java\jdk1.8.0_181\bin;C:\Windows\Sun\Java\bin;C:\Windows\system32;C:\Windows;D:\Program Files\Python37\Scripts\;D:\Program Files\Python37\;C:\Program Files (x86)\Common Files\Oracle\Java\javapath;C:\Program Files (x86)\Intel\iCLS Client\;C:\Program Files\Intel\iCLS Client\;C:\Windows\system32;C:\Windows;C:\Windows\System32\Wbem;C:\Windows\System32\WindowsPowerShell\v1.0\;C:\Program Files (x86)\Intel\Intel(R) Management Engine Components\DAL;C:\Program Files\Intel\Intel(R) Management Engine Components\DAL;C:\Program Files (x86)\Intel\Intel(R) Management Engine Components\IPT;C:\Program Files\Intel\Intel(R) Management Engine Components\IPT;D:\Program Files\Java\jdk1.8.0_181\bin;D:\Program Files\Java\jdk1.8.0_181\jre\bin;D:\Program Files\mysql-5.7.23-winx64\bin;D:\Program Files\apache-maven-3.5.4\bin;D:\Program Files\Git\cmd;.]
[INFO ] 2018-11-02 10:26:11 [localhost-startStop-1] o.a.c.c.C.[Tomcat].[localhost].[/] - Initializing Spring embedded WebApplicationContext
[INFO ] 2018-11-02 10:26:11 [localhost-startStop-1] o.s.web.context.ContextLoader - Root WebApplicationContext: initialization completed in 881 ms
[INFO ] 2018-11-02 10:26:11 [localhost-startStop-1] o.s.b.w.s.ServletRegistrationBean - Servlet dispatcherServlet mapped to [/]
[INFO ] 2018-11-02 10:26:11 [localhost-startStop-1] o.s.b.w.s.FilterRegistrationBean - Mapping filter: 'characterEncodingFilter' to: [/*]
[INFO ] 2018-11-02 10:26:11 [localhost-startStop-1] o.s.b.w.s.FilterRegistrationBean - Mapping filter: 'hiddenHttpMethodFilter' to: [/*]
[INFO ] 2018-11-02 10:26:11 [localhost-startStop-1] o.s.b.w.s.FilterRegistrationBean - Mapping filter: 'httpPutFormContentFilter' to: [/*]
[INFO ] 2018-11-02 10:26:11 [localhost-startStop-1] o.s.b.w.s.FilterRegistrationBean - Mapping filter: 'requestContextFilter' to: [/*]
[INFO ] 2018-11-02 10:26:11 [main] o.s.w.s.h.SimpleUrlHandlerMapping - Mapped URL path [/**/favicon.ico] onto handler of type [class org.springframework.web.servlet.resource.ResourceHttpRequestHandler]
[INFO ] 2018-11-02 10:26:11 [main] o.s.w.s.m.m.a.RequestMappingHandlerAdapter - Looking for @ControllerAdvice: org.springframework.boot.web.servlet.context.AnnotationConfigServletWebServerApplicationContext@3bf7ca37: startup date [Fri Nov 02 10:26:12 CST 2018]; root of context hierarchy
[INFO ] 2018-11-02 10:26:11 [main] o.s.w.s.m.m.a.RequestMappingHandlerMapping - Mapped "{[/user/update/{id}],methods=[PUT]}" onto public boolean com.liang.funny.controller.UserController.updateUser(java.lang.Integer,java.util.Map<java.lang.String, java.lang.Object>)
[INFO ] 2018-11-02 10:26:11 [main] o.s.w.s.m.m.a.RequestMappingHandlerMapping - Mapped "{[/user/get],methods=[GET],produces=[application/json]}" onto public java.util.List<com.liang.funny.model.User> com.liang.funny.controller.UserController.getUsers()
[INFO ] 2018-11-02 10:26:11 [main] o.s.w.s.m.m.a.RequestMappingHandlerMapping - Mapped "{[/user/add],methods=[POST]}" onto public com.liang.funny.util.Json.JsonResult com.liang.funny.controller.UserController.addUserjson(java.util.Map<java.lang.String, java.lang.Object>)
[INFO ] 2018-11-02 10:26:11 [main] o.s.w.s.m.m.a.RequestMappingHandlerMapping - Mapped "{[/user/del/{id}],methods=[DELETE]}" onto public boolean com.liang.funny.controller.UserController.delUserBy(int)
[INFO ] 2018-11-02 10:26:11 [main] o.s.w.s.m.m.a.RequestMappingHandlerMapping - Mapped "{[/user/get/{id}],methods=[GET],produces=[application/json]}" onto public com.liang.funny.model.User com.liang.funny.controller.UserController.getUserBy(int)
[INFO ] 2018-11-02 10:26:11 [main] o.s.w.s.m.m.a.RequestMappingHandlerMapping - Mapped "{[/error]}" onto public org.springframework.http.ResponseEntity<java.util.Map<java.lang.String, java.lang.Object>> org.springframework.boot.autoconfigure.web.servlet.error.BasicErrorController.error(javax.servlet.http.HttpServletRequest)
[INFO ] 2018-11-02 10:26:11 [main] o.s.w.s.m.m.a.RequestMappingHandlerMapping - Mapped "{[/error],produces=[text/html]}" onto public org.springframework.web.servlet.ModelAndView org.springframework.boot.autoconfigure.web.servlet.error.BasicErrorController.errorHtml(javax.servlet.http.HttpServletRequest,javax.servlet.http.HttpServletResponse)
[INFO ] 2018-11-02 10:26:11 [main] o.s.w.s.h.SimpleUrlHandlerMapping - Mapped URL path [/webjars/**] onto handler of type [class org.springframework.web.servlet.resource.ResourceHttpRequestHandler]
[INFO ] 2018-11-02 10:26:11 [main] o.s.w.s.h.SimpleUrlHandlerMapping - Mapped URL path [/funny/**] onto handler of type [class org.springframework.web.servlet.resource.ResourceHttpRequestHandler]
[INFO ] 2018-11-02 10:26:11 [main] o.s.j.e.a.AnnotationMBeanExporter - Registering beans for JMX exposure on startup
[INFO ] 2018-11-02 10:26:11 [main] o.s.j.e.a.AnnotationMBeanExporter - Bean with name 'dataSource' has been autodetected for JMX exposure
[INFO ] 2018-11-02 10:26:11 [main] o.s.j.e.a.AnnotationMBeanExporter - Located MBean 'dataSource': registering with JMX server as MBean [com.alibaba.druid.pool:name=dataSource,type=DruidDataSource]
[INFO ] 2018-11-02 10:26:11 [main] o.s.b.w.e.tomcat.TomcatWebServer - Tomcat started on port(s): 8080 (http) with context path ''
[INFO ] 2018-11-02 10:26:11 [main] com.liang.funny.FunnyApplication - Started FunnyApplication in 2.156 seconds (JVM running for 7.136)
[INFO ] 2018-11-02 10:26:11 [http-nio-8080-exec-1] o.a.c.c.C.[Tomcat].[localhost].[/] - Initializing Spring FrameworkServlet 'dispatcherServlet'
[INFO ] 2018-11-02 10:26:11 [http-nio-8080-exec-1] o.s.web.servlet.DispatcherServlet - FrameworkServlet 'dispatcherServlet': initialization started
[INFO ] 2018-11-02 10:26:11 [http-nio-8080-exec-1] o.s.web.servlet.DispatcherServlet - FrameworkServlet 'dispatcherServlet': initialization completed in 11 ms
[INFO ] 2018-11-02 10:29:46 [main] com.liang.funny.FunnyApplication - Starting FunnyApplication on zhouliang02 with PID 9472 (D:\codes\funny\target\classes started by admin in D:\codes\funny)
[INFO ] 2018-11-02 10:29:46 [main] com.liang.funny.FunnyApplication - No active profile set, falling back to default profiles: default
[INFO ] 2018-11-02 10:29:46 [main] o.s.b.w.s.c.AnnotationConfigServletWebServerApplicationContext - Refreshing org.springframework.boot.web.servlet.context.AnnotationConfigServletWebServerApplicationContext@3bf7ca37: startup date [Fri Nov 02 10:29:46 CST 2018]; root of context hierarchy
[INFO ] 2018-11-02 10:29:46 [main] o.s.b.w.e.tomcat.TomcatWebServer - Tomcat initialized with port(s): 8080 (http)
[INFO ] 2018-11-02 10:29:46 [main] o.a.catalina.core.StandardService - Starting service [Tomcat]
[INFO ] 2018-11-02 10:29:46 [main] o.a.catalina.core.StandardEngine - Starting Servlet Engine: Apache Tomcat/8.5.34
[INFO ] 2018-11-02 10:29:46 [localhost-startStop-1] o.a.c.core.AprLifecycleListener - The APR based Apache Tomcat Native library which allows optimal performance in production environments was not found on the java.library.path: [D:\Program Files\Java\jdk1.8.0_181\bin;C:\Windows\Sun\Java\bin;C:\Windows\system32;C:\Windows;D:\Program Files\Python37\Scripts\;D:\Program Files\Python37\;C:\Program Files (x86)\Common Files\Oracle\Java\javapath;C:\Program Files (x86)\Intel\iCLS Client\;C:\Program Files\Intel\iCLS Client\;C:\Windows\system32;C:\Windows;C:\Windows\System32\Wbem;C:\Windows\System32\WindowsPowerShell\v1.0\;C:\Program Files (x86)\Intel\Intel(R) Management Engine Components\DAL;C:\Program Files\Intel\Intel(R) Management Engine Components\DAL;C:\Program Files (x86)\Intel\Intel(R) Management Engine Components\IPT;C:\Program Files\Intel\Intel(R) Management Engine Components\IPT;D:\Program Files\Java\jdk1.8.0_181\bin;D:\Program Files\Java\jdk1.8.0_181\jre\bin;D:\Program Files\mysql-5.7.23-winx64\bin;D:\Program Files\apache-maven-3.5.4\bin;D:\Program Files\Git\cmd;.]
[INFO ] 2018-11-02 10:29:46 [localhost-startStop-1] o.a.c.c.C.[Tomcat].[localhost].[/] - Initializing Spring embedded WebApplicationContext
[INFO ] 2018-11-02 10:29:46 [localhost-startStop-1] o.s.web.context.ContextLoader - Root WebApplicationContext: initialization completed in 879 ms
[INFO ] 2018-11-02 10:29:46 [localhost-startStop-1] o.s.b.w.s.ServletRegistrationBean - Servlet dispatcherServlet mapped to [/]
[INFO ] 2018-11-02 10:29:46 [localhost-startStop-1] o.s.b.w.s.FilterRegistrationBean - Mapping filter: 'characterEncodingFilter' to: [/*]
[INFO ] 2018-11-02 10:29:46 [localhost-startStop-1] o.s.b.w.s.FilterRegistrationBean - Mapping filter: 'hiddenHttpMethodFilter' to: [/*]
[INFO ] 2018-11-02 10:29:46 [localhost-startStop-1] o.s.b.w.s.FilterRegistrationBean - Mapping filter: 'httpPutFormContentFilter' to: [/*]
[INFO ] 2018-11-02 10:29:46 [localhost-startStop-1] o.s.b.w.s.FilterRegistrationBean - Mapping filter: 'requestContextFilter' to: [/*]
[INFO ] 2018-11-02 10:29:46 [main] o.s.w.s.h.SimpleUrlHandlerMapping - Mapped URL path [/**/favicon.ico] onto handler of type [class org.springframework.web.servlet.resource.ResourceHttpRequestHandler]
[INFO ] 2018-11-02 10:29:46 [main] o.s.w.s.m.m.a.RequestMappingHandlerAdapter - Looking for @ControllerAdvice: org.springframework.boot.web.servlet.context.AnnotationConfigServletWebServerApplicationContext@3bf7ca37: startup date [Fri Nov 02 10:29:46 CST 2018]; root of context hierarchy
[INFO ] 2018-11-02 10:29:46 [main] o.s.w.s.m.m.a.RequestMappingHandlerMapping - Mapped "{[/user/add],methods=[POST]}" onto public com.liang.funny.util.Json.JsonResult com.liang.funny.controller.UserController.addUser(java.util.Map<java.lang.String, java.lang.Object>)
[INFO ] 2018-11-02 10:29:46 [main] o.s.w.s.m.m.a.RequestMappingHandlerMapping - Mapped "{[/user/del/{id}],methods=[DELETE]}" onto public boolean com.liang.funny.controller.UserController.delUserBy(int)
[INFO ] 2018-11-02 10:29:46 [main] o.s.w.s.m.m.a.RequestMappingHandlerMapping - Mapped "{[/user/get/{id}],methods=[GET],produces=[application/json]}" onto public com.liang.funny.model.User com.liang.funny.controller.UserController.getUserBy(int)
[INFO ] 2018-11-02 10:29:46 [main] o.s.w.s.m.m.a.RequestMappingHandlerMapping - Mapped "{[/user/update/{id}],methods=[PUT]}" onto public boolean com.liang.funny.controller.UserController.updateUser(java.lang.Integer,java.util.Map<java.lang.String, java.lang.Object>)
[INFO ] 2018-11-02 10:29:46 [main] o.s.w.s.m.m.a.RequestMappingHandlerMapping - Mapped "{[/user/get],methods=[GET],produces=[application/json]}" onto public java.util.List<com.liang.funny.model.User> com.liang.funny.controller.UserController.getUsers()
[INFO ] 2018-11-02 10:29:46 [main] o.s.w.s.m.m.a.RequestMappingHandlerMapping - Mapped "{[/error]}" onto public org.springframework.http.ResponseEntity<java.util.Map<java.lang.String, java.lang.Object>> org.springframework.boot.autoconfigure.web.servlet.error.BasicErrorController.error(javax.servlet.http.HttpServletRequest)
[INFO ] 2018-11-02 10:29:46 [main] o.s.w.s.m.m.a.RequestMappingHandlerMapping - Mapped "{[/error],produces=[text/html]}" onto public org.springframework.web.servlet.ModelAndView org.springframework.boot.autoconfigure.web.servlet.error.BasicErrorController.errorHtml(javax.servlet.http.HttpServletRequest,javax.servlet.http.HttpServletResponse)
[INFO ] 2018-11-02 10:29:46 [main] o.s.w.s.h.SimpleUrlHandlerMapping - Mapped URL path [/webjars/**] onto handler of type [class org.springframework.web.servlet.resource.ResourceHttpRequestHandler]
[INFO ] 2018-11-02 10:29:46 [main] o.s.w.s.h.SimpleUrlHandlerMapping - Mapped URL path [/funny/**] onto handler of type [class org.springframework.web.servlet.resource.ResourceHttpRequestHandler]
[INFO ] 2018-11-02 10:29:46 [main] o.s.j.e.a.AnnotationMBeanExporter - Registering beans for JMX exposure on startup
[INFO ] 2018-11-02 10:29:46 [main] o.s.j.e.a.AnnotationMBeanExporter - Bean with name 'dataSource' has been autodetected for JMX exposure
[INFO ] 2018-11-02 10:29:46 [main] o.s.j.e.a.AnnotationMBeanExporter - Located MBean 'dataSource': registering with JMX server as MBean [com.alibaba.druid.pool:name=dataSource,type=DruidDataSource]
[INFO ] 2018-11-02 10:29:46 [main] o.s.b.w.e.tomcat.TomcatWebServer - Tomcat started on port(s): 8080 (http) with context path ''
[INFO ] 2018-11-02 10:29:46 [main] com.liang.funny.FunnyApplication - Started FunnyApplication in 2.122 seconds (JVM running for 5.811)
[INFO ] 2018-11-02 10:29:46 [http-nio-8080-exec-1] o.a.c.c.C.[Tomcat].[localhost].[/] - Initializing Spring FrameworkServlet 'dispatcherServlet'
[INFO ] 2018-11-02 10:29:46 [http-nio-8080-exec-1] o.s.web.servlet.DispatcherServlet - FrameworkServlet 'dispatcherServlet': initialization started
[INFO ] 2018-11-02 10:29:46 [http-nio-8080-exec-1] o.s.web.servlet.DispatcherServlet - FrameworkServlet 'dispatcherServlet': initialization completed in 11 ms
[INFO ] 2018-11-02 10:29:46 [http-nio-8080-exec-7] c.alibaba.druid.pool.DruidDataSource - {dataSource-1} inited
[INFO ] 2018-11-02 10:57:12 [main] com.liang.funny.FunnyApplication - Starting FunnyApplication on zhouliang02 with PID 10816 (D:\codes\funny\target\classes started by admin in D:\codes\funny)
[INFO ] 2018-11-02 10:57:12 [main] com.liang.funny.FunnyApplication - No active profile set, falling back to default profiles: default
[INFO ] 2018-11-02 10:57:12 [main] o.s.b.w.s.c.AnnotationConfigServletWebServerApplicationContext - Refreshing org.springframework.boot.web.servlet.context.AnnotationConfigServletWebServerApplicationContext@3bf7ca37: startup date [Fri Nov 02 10:57:12 CST 2018]; root of context hierarchy
[INFO ] 2018-11-02 10:57:12 [main] o.s.b.w.e.tomcat.TomcatWebServer - Tomcat initialized with port(s): 8080 (http)
[INFO ] 2018-11-02 10:57:12 [main] o.a.catalina.core.StandardService - Starting service [Tomcat]
[INFO ] 2018-11-02 10:57:12 [main] o.a.catalina.core.StandardEngine - Starting Servlet Engine: Apache Tomcat/8.5.34
[INFO ] 2018-11-02 10:57:12 [localhost-startStop-1] o.a.c.core.AprLifecycleListener - The APR based Apache Tomcat Native library which allows optimal performance in production environments was not found on the java.library.path: [D:\Program Files\Java\jdk1.8.0_181\bin;C:\Windows\Sun\Java\bin;C:\Windows\system32;C:\Windows;D:\Program Files\Python37\Scripts\;D:\Program Files\Python37\;C:\Program Files (x86)\Common Files\Oracle\Java\javapath;C:\Program Files (x86)\Intel\iCLS Client\;C:\Program Files\Intel\iCLS Client\;C:\Windows\system32;C:\Windows;C:\Windows\System32\Wbem;C:\Windows\System32\WindowsPowerShell\v1.0\;C:\Program Files (x86)\Intel\Intel(R) Management Engine Components\DAL;C:\Program Files\Intel\Intel(R) Management Engine Components\DAL;C:\Program Files (x86)\Intel\Intel(R) Management Engine Components\IPT;C:\Program Files\Intel\Intel(R) Management Engine Components\IPT;D:\Program Files\Java\jdk1.8.0_181\bin;D:\Program Files\Java\jdk1.8.0_181\jre\bin;D:\Program Files\mysql-5.7.23-winx64\bin;D:\Program Files\apache-maven-3.5.4\bin;D:\Program Files\Git\cmd;.]
[INFO ] 2018-11-02 10:57:12 [localhost-startStop-1] o.a.c.c.C.[Tomcat].[localhost].[/] - Initializing Spring embedded WebApplicationContext
[INFO ] 2018-11-02 10:57:12 [localhost-startStop-1] o.s.web.context.ContextLoader - Root WebApplicationContext: initialization completed in 919 ms
[INFO ] 2018-11-02 10:57:12 [localhost-startStop-1] o.s.b.w.s.ServletRegistrationBean - Servlet dispatcherServlet mapped to [/]
[INFO ] 2018-11-02 10:57:12 [localhost-startStop-1] o.s.b.w.s.FilterRegistrationBean - Mapping filter: 'characterEncodingFilter' to: [/*]
[INFO ] 2018-11-02 10:57:12 [localhost-startStop-1] o.s.b.w.s.FilterRegistrationBean - Mapping filter: 'hiddenHttpMethodFilter' to: [/*]
[INFO ] 2018-11-02 10:57:12 [localhost-startStop-1] o.s.b.w.s.FilterRegistrationBean - Mapping filter: 'httpPutFormContentFilter' to: [/*]
[INFO ] 2018-11-02 10:57:12 [localhost-startStop-1] o.s.b.w.s.FilterRegistrationBean - Mapping filter: 'requestContextFilter' to: [/*]
[INFO ] 2018-11-02 10:57:12 [main] o.s.w.s.h.SimpleUrlHandlerMapping - Mapped URL path [/**/favicon.ico] onto handler of type [class org.springframework.web.servlet.resource.ResourceHttpRequestHandler]
[INFO ] 2018-11-02 10:57:12 [main] o.s.w.s.m.m.a.RequestMappingHandlerAdapter - Looking for @ControllerAdvice: org.springframework.boot.web.servlet.context.AnnotationConfigServletWebServerApplicationContext@3bf7ca37: startup date [Fri Nov 02 10:57:12 CST 2018]; root of context hierarchy
[INFO ] 2018-11-02 10:57:12 [main] o.s.w.s.m.m.a.RequestMappingHandlerMapping - Mapped "{[/user/add],methods=[POST]}" onto public com.liang.funny.util.Json.JsonResult com.liang.funny.controller.UserController.addUser(java.util.Map<java.lang.String, java.lang.Object>)
[INFO ] 2018-11-02 10:57:12 [main] o.s.w.s.m.m.a.RequestMappingHandlerMapping - Mapped "{[/user/del/{id}],methods=[DELETE]}" onto public boolean com.liang.funny.controller.UserController.delUserBy(int)
[INFO ] 2018-11-02 10:57:12 [main] o.s.w.s.m.m.a.RequestMappingHandlerMapping - Mapped "{[/user/get/{id}],methods=[GET],produces=[application/json]}" onto public com.liang.funny.model.User com.liang.funny.controller.UserController.getUserBy(int)
[INFO ] 2018-11-02 10:57:12 [main] o.s.w.s.m.m.a.RequestMappingHandlerMapping - Mapped "{[/user/update/{id}],methods=[PUT]}" onto public boolean com.liang.funny.controller.UserController.updateUser(java.lang.Integer,java.util.Map<java.lang.String, java.lang.Object>)
[INFO ] 2018-11-02 10:57:12 [main] o.s.w.s.m.m.a.RequestMappingHandlerMapping - Mapped "{[/user/get],methods=[GET],produces=[application/json]}" onto public java.util.List<com.liang.funny.model.User> com.liang.funny.controller.UserController.getUsers()
[INFO ] 2018-11-02 10:57:12 [main] o.s.w.s.m.m.a.RequestMappingHandlerMapping - Mapped "{[/error]}" onto public org.springframework.http.ResponseEntity<java.util.Map<java.lang.String, java.lang.Object>> org.springframework.boot.autoconfigure.web.servlet.error.BasicErrorController.error(javax.servlet.http.HttpServletRequest)
[INFO ] 2018-11-02 10:57:12 [main] o.s.w.s.m.m.a.RequestMappingHandlerMapping - Mapped "{[/error],produces=[text/html]}" onto public org.springframework.web.servlet.ModelAndView org.springframework.boot.autoconfigure.web.servlet.error.BasicErrorController.errorHtml(javax.servlet.http.HttpServletRequest,javax.servlet.http.HttpServletResponse)
[INFO ] 2018-11-02 10:57:12 [main] o.s.w.s.h.SimpleUrlHandlerMapping - Mapped URL path [/webjars/**] onto handler of type [class org.springframework.web.servlet.resource.ResourceHttpRequestHandler]
[INFO ] 2018-11-02 10:57:12 [main] o.s.w.s.h.SimpleUrlHandlerMapping - Mapped URL path [/funny/**] onto handler of type [class org.springframework.web.servlet.resource.ResourceHttpRequestHandler]
[INFO ] 2018-11-02 10:57:12 [main] o.s.j.e.a.AnnotationMBeanExporter - Registering beans for JMX exposure on startup
[INFO ] 2018-11-02 10:57:12 [main] o.s.j.e.a.AnnotationMBeanExporter - Bean with name 'dataSource' has been autodetected for JMX exposure
[INFO ] 2018-11-02 10:57:12 [main] o.s.j.e.a.AnnotationMBeanExporter - Located MBean 'dataSource': registering with JMX server as MBean [com.alibaba.druid.pool:name=dataSource,type=DruidDataSource]
[INFO ] 2018-11-02 10:57:12 [main] o.s.b.w.e.tomcat.TomcatWebServer - Tomcat started on port(s): 8080 (http) with context path ''
[INFO ] 2018-11-02 10:57:12 [main] com.liang.funny.FunnyApplication - Started FunnyApplication in 2.194 seconds (JVM running for 6.992)
[INFO ] 2018-11-02 10:57:12 [http-nio-8080-exec-1] o.a.c.c.C.[Tomcat].[localhost].[/] - Initializing Spring FrameworkServlet 'dispatcherServlet'
[INFO ] 2018-11-02 10:57:12 [http-nio-8080-exec-1] o.s.web.servlet.DispatcherServlet - FrameworkServlet 'dispatcherServlet': initialization started
[INFO ] 2018-11-02 10:57:12 [http-nio-8080-exec-1] o.s.web.servlet.DispatcherServlet - FrameworkServlet 'dispatcherServlet': initialization completed in 11 ms
[INFO ] 2018-11-02 10:57:12 [http-nio-8080-exec-1] c.alibaba.druid.pool.DruidDataSource - {dataSource-1} inited
[INFO ] 2018-11-02 10:57:12 [http-nio-8080-exec-1] o.s.b.f.xml.XmlBeanDefinitionReader - Loading XML bean definitions from class path resource [org/springframework/jdbc/support/sql-error-codes.xml]
[INFO ] 2018-11-02 11:00:44 [main] com.liang.funny.FunnyApplication - Starting FunnyApplication on zhouliang02 with PID 10724 (D:\codes\funny\target\classes started by admin in D:\codes\funny)
[INFO ] 2018-11-02 11:00:44 [main] com.liang.funny.FunnyApplication - No active profile set, falling back to default profiles: default
[INFO ] 2018-11-02 11:00:44 [main] o.s.b.w.s.c.AnnotationConfigServletWebServerApplicationContext - Refreshing org.springframework.boot.web.servlet.context.AnnotationConfigServletWebServerApplicationContext@3bf7ca37: startup date [Fri Nov 02 11:00:45 CST 2018]; root of context hierarchy
[INFO ] 2018-11-02 11:00:44 [main] o.s.b.w.e.tomcat.TomcatWebServer - Tomcat initialized with port(s): 8080 (http)
[INFO ] 2018-11-02 11:00:44 [main] o.a.catalina.core.StandardService - Starting service [Tomcat]
[INFO ] 2018-11-02 11:00:44 [main] o.a.catalina.core.StandardEngine - Starting Servlet Engine: Apache Tomcat/8.5.34
[INFO ] 2018-11-02 11:00:44 [localhost-startStop-1] o.a.c.core.AprLifecycleListener - The APR based Apache Tomcat Native library which allows optimal performance in production environments was not found on the java.library.path: [D:\Program Files\Java\jdk1.8.0_181\bin;C:\Windows\Sun\Java\bin;C:\Windows\system32;C:\Windows;D:\Program Files\Python37\Scripts\;D:\Program Files\Python37\;C:\Program Files (x86)\Common Files\Oracle\Java\javapath;C:\Program Files (x86)\Intel\iCLS Client\;C:\Program Files\Intel\iCLS Client\;C:\Windows\system32;C:\Windows;C:\Windows\System32\Wbem;C:\Windows\System32\WindowsPowerShell\v1.0\;C:\Program Files (x86)\Intel\Intel(R) Management Engine Components\DAL;C:\Program Files\Intel\Intel(R) Management Engine Components\DAL;C:\Program Files (x86)\Intel\Intel(R) Management Engine Components\IPT;C:\Program Files\Intel\Intel(R) Management Engine Components\IPT;D:\Program Files\Java\jdk1.8.0_181\bin;D:\Program Files\Java\jdk1.8.0_181\jre\bin;D:\Program Files\mysql-5.7.23-winx64\bin;D:\Program Files\apache-maven-3.5.4\bin;D:\Program Files\Git\cmd;.]
[INFO ] 2018-11-02 11:00:44 [localhost-startStop-1] o.a.c.c.C.[Tomcat].[localhost].[/] - Initializing Spring embedded WebApplicationContext
[INFO ] 2018-11-02 11:00:44 [localhost-startStop-1] o.s.web.context.ContextLoader - Root WebApplicationContext: initialization completed in 896 ms
[INFO ] 2018-11-02 11:00:44 [localhost-startStop-1] o.s.b.w.s.ServletRegistrationBean - Servlet dispatcherServlet mapped to [/]
[INFO ] 2018-11-02 11:00:44 [localhost-startStop-1] o.s.b.w.s.FilterRegistrationBean - Mapping filter: 'characterEncodingFilter' to: [/*]
[INFO ] 2018-11-02 11:00:44 [localhost-startStop-1] o.s.b.w.s.FilterRegistrationBean - Mapping filter: 'hiddenHttpMethodFilter' to: [/*]
[INFO ] 2018-11-02 11:00:44 [localhost-startStop-1] o.s.b.w.s.FilterRegistrationBean - Mapping filter: 'httpPutFormContentFilter' to: [/*]
[INFO ] 2018-11-02 11:00:44 [localhost-startStop-1] o.s.b.w.s.FilterRegistrationBean - Mapping filter: 'requestContextFilter' to: [/*]
[INFO ] 2018-11-02 11:00:44 [main] o.s.w.s.h.SimpleUrlHandlerMapping - Mapped URL path [/**/favicon.ico] onto handler of type [class org.springframework.web.servlet.resource.ResourceHttpRequestHandler]
[INFO ] 2018-11-02 11:00:44 [main] o.s.w.s.m.m.a.RequestMappingHandlerAdapter - Looking for @ControllerAdvice: org.springframework.boot.web.servlet.context.AnnotationConfigServletWebServerApplicationContext@3bf7ca37: startup date [Fri Nov 02 11:00:45 CST 2018]; root of context hierarchy
[INFO ] 2018-11-02 11:00:44 [main] o.s.w.s.m.m.a.RequestMappingHandlerMapping - Mapped "{[/user/add],methods=[POST]}" onto public com.liang.funny.util.Json.JsonResult com.liang.funny.controller.UserController.addUser(java.util.Map<java.lang.String, java.lang.Object>)
[INFO ] 2018-11-02 11:00:44 [main] o.s.w.s.m.m.a.RequestMappingHandlerMapping - Mapped "{[/user/del/{id}],methods=[DELETE]}" onto public boolean com.liang.funny.controller.UserController.delUserBy(int)
[INFO ] 2018-11-02 11:00:44 [main] o.s.w.s.m.m.a.RequestMappingHandlerMapping - Mapped "{[/user/get/{id}],methods=[GET],produces=[application/json]}" onto public com.liang.funny.model.User com.liang.funny.controller.UserController.getUserBy(int)
[INFO ] 2018-11-02 11:00:44 [main] o.s.w.s.m.m.a.RequestMappingHandlerMapping - Mapped "{[/user/update/{id}],methods=[PUT]}" onto public boolean com.liang.funny.controller.UserController.updateUser(java.lang.Integer,java.util.Map<java.lang.String, java.lang.Object>)
[INFO ] 2018-11-02 11:00:44 [main] o.s.w.s.m.m.a.RequestMappingHandlerMapping - Mapped "{[/user/get],methods=[GET],produces=[application/json]}" onto public java.util.List<com.liang.funny.model.User> com.liang.funny.controller.UserController.getUsers()
[INFO ] 2018-11-02 11:00:44 [main] o.s.w.s.m.m.a.RequestMappingHandlerMapping - Mapped "{[/error]}" onto public org.springframework.http.ResponseEntity<java.util.Map<java.lang.String, java.lang.Object>> org.springframework.boot.autoconfigure.web.servlet.error.BasicErrorController.error(javax.servlet.http.HttpServletRequest)
[INFO ] 2018-11-02 11:00:44 [main] o.s.w.s.m.m.a.RequestMappingHandlerMapping - Mapped "{[/error],produces=[text/html]}" onto public org.springframework.web.servlet.ModelAndView org.springframework.boot.autoconfigure.web.servlet.error.BasicErrorController.errorHtml(javax.servlet.http.HttpServletRequest,javax.servlet.http.HttpServletResponse)
[INFO ] 2018-11-02 11:00:44 [main] o.s.w.s.h.SimpleUrlHandlerMapping - Mapped URL path [/webjars/**] onto handler of type [class org.springframework.web.servlet.resource.ResourceHttpRequestHandler]
[INFO ] 2018-11-02 11:00:44 [main] o.s.w.s.h.SimpleUrlHandlerMapping - Mapped URL path [/funny/**] onto handler of type [class org.springframework.web.servlet.resource.ResourceHttpRequestHandler]
[INFO ] 2018-11-02 11:00:44 [main] o.s.j.e.a.AnnotationMBeanExporter - Registering beans for JMX exposure on startup
[INFO ] 2018-11-02 11:00:44 [main] o.s.j.e.a.AnnotationMBeanExporter - Bean with name 'dataSource' has been autodetected for JMX exposure
[INFO ] 2018-11-02 11:00:44 [main] o.s.j.e.a.AnnotationMBeanExporter - Located MBean 'dataSource': registering with JMX server as MBean [com.alibaba.druid.pool:name=dataSource,type=DruidDataSource]
[INFO ] 2018-11-02 11:00:44 [main] o.s.b.w.e.tomcat.TomcatWebServer - Tomcat started on port(s): 8080 (http) with context path ''
[INFO ] 2018-11-02 11:00:44 [main] com.liang.funny.FunnyApplication - Started FunnyApplication in 2.124 seconds (JVM running for 6.815)
[INFO ] 2018-11-02 11:00:44 [http-nio-8080-exec-1] o.a.c.c.C.[Tomcat].[localhost].[/] - Initializing Spring FrameworkServlet 'dispatcherServlet'
[INFO ] 2018-11-02 11:00:44 [http-nio-8080-exec-1] o.s.web.servlet.DispatcherServlet - FrameworkServlet 'dispatcherServlet': initialization started
[INFO ] 2018-11-02 11:00:44 [http-nio-8080-exec-1] o.s.web.servlet.DispatcherServlet - FrameworkServlet 'dispatcherServlet': initialization completed in 11 ms
[INFO ] 2018-11-02 11:00:44 [http-nio-8080-exec-1] c.alibaba.druid.pool.DruidDataSource - {dataSource-1} inited
